#
# There is insufficient memory for the Java Runtime Environment to continue.
# Native memory allocation (malloc) failed to allocate 1132656 bytes. Error detail: Chunk::new
# Possible reasons:
#   The system is out of physical RAM or swap space
#   This process is running with CompressedOops enabled, and the Java Heap may be blocking the growth of the native heap
# Possible solutions:
#   Reduce memory load on the system
#   Increase physical memory or swap space
#   Check if swap backing store is full
#   Decrease Java heap size (-Xmx/-Xms)
#   Decrease number of Java threads
#   Decrease Java thread stack sizes (-Xss)
#   Set larger code cache with -XX:ReservedCodeCacheSize=
#   JVM is running with Zero Based Compressed Oops mode in which the Java heap is
#     placed in the first 32GB address space. The Java Heap base address is the
#     maximum limit for the native heap growth. Please use -XX:HeapBaseMinAddress
#     to set the Java Heap base and to place the Java Heap above 32GB virtual address.
# This output file may be truncated or incomplete.
#
#  Out of Memory Error (arena.cpp:168), pid=14640, tid=10588
#
# JRE version: OpenJDK Runtime Environment (21.0.5) (build 21.0.5+-13047016-b750.29)
# Java VM: OpenJDK 64-Bit Server VM (21.0.5+-13047016-b750.29, mixed mode, tiered, compressed oops, compressed class ptrs, g1 gc, windows-amd64)
# No core dump will be written. Minidumps are not enabled by default on client versions of Windows
#

---------------  S U M M A R Y ------------

Command Line: -XX:MaxMetaspaceSize=4G -XX:ReservedCodeCacheSize=512m -XX:+HeapDumpOnOutOfMemoryError --add-opens=java.base/java.util=ALL-UNNAMED --add-opens=java.base/java.lang=ALL-UNNAMED --add-opens=java.base/java.lang.invoke=ALL-UNNAMED --add-opens=java.prefs/java.util.prefs=ALL-UNNAMED --add-exports=jdk.compiler/com.sun.tools.javac.api=ALL-UNNAMED --add-exports=jdk.compiler/com.sun.tools.javac.util=ALL-UNNAMED --add-opens=java.base/java.nio.charset=ALL-UNNAMED --add-opens=java.base/java.net=ALL-UNNAMED --add-opens=java.base/java.util.concurrent.atomic=ALL-UNNAMED -Xmx8G -Dfile.encoding=UTF-8 -Duser.country=MX -Duser.language=es -Duser.variant -javaagent:C:\Users\luis3\.gradle\wrapper\dists\gradle-8.10.2-all\7iv73wktx1xtkvlq19urqw1wm\gradle-8.10.2\lib\agents\gradle-instrumentation-agent-8.10.2.jar org.gradle.launcher.daemon.bootstrap.GradleDaemon 8.10.2

Host: 11th Gen Intel(R) Core(TM) i7-1165G7 @ 2.80GHz, 8 cores, 7G,  Windows 11 , 64 bit Build 26100 (10.0.26100.3912)
Time: Wed May 21 14:15:06 2025 Hora estándar central (México) elapsed time: 9.879141 seconds (0d 0h 0m 9s)

---------------  T H R E A D  ---------------

Current thread (0x000001f1c66fd0e0):  JavaThread "C2 CompilerThread1" daemon [_thread_in_native, id=10588, stack(0x0000000818f00000,0x0000000819000000) (1024K)]


Current CompileTask:
C2:9879 8167       4       sun.security.ec.ECOperations::setDouble (463 bytes)

Stack: [0x0000000818f00000,0x0000000819000000]
Native frames: (J=compiled Java code, j=interpreted, Vv=VM code, C=native code)
V  [jvm.dll+0x6cfb29]
V  [jvm.dll+0x85df93]
V  [jvm.dll+0x8604ee]
V  [jvm.dll+0x860bd3]
V  [jvm.dll+0x27e6b6]
V  [jvm.dll+0xbff6d]
V  [jvm.dll+0xc04a3]
V  [jvm.dll+0x3b5fc1]
V  [jvm.dll+0x381f97]
V  [jvm.dll+0x38140a]
V  [jvm.dll+0x247c62]
V  [jvm.dll+0x247231]
V  [jvm.dll+0x1c5ee4]
V  [jvm.dll+0x25697c]
V  [jvm.dll+0x254ec6]
V  [jvm.dll+0x3f0ce6]
V  [jvm.dll+0x806368]
V  [jvm.dll+0x6ce3fd]
C  [ucrtbase.dll+0x37b0]
C  [KERNEL32.DLL+0x2e8d7]
C  [ntdll.dll+0x9c5dc]


---------------  P R O C E S S  ---------------

Threads class SMR info:
_java_thread_list=0x000001f1fca74540, length=58, elements={
0x000001f1c9189fb0, 0x000001f1c4072f70, 0x000001f1c40775f0, 0x000001f1c4079d30,
0x000001f1c4098be0, 0x000001f1c4099240, 0x000001f1c4077c50, 0x000001f1c40782b0,
0x000001f1c40a0790, 0x000001f1c41f34f0, 0x000001f1c4384110, 0x000001f1c5dba010,
0x000001f1c5da2fa0, 0x000001f1c5fcb2d0, 0x000001f1c5b5d7a0, 0x000001f1c5b5de00,
0x000001f1c5ecc3e0, 0x000001f1c5ecca40, 0x000001f1c5ff2000, 0x000001f1c5ff2e80,
0x000001f1c5f3a250, 0x000001f1c5f38810, 0x000001f1c5f38ea0, 0x000001f1c5f39530,
0x000001f1c5f39bc0, 0x000001f1c5f3a8e0, 0x000001f1c5f3af70, 0x000001f1c5f3b600,
0x000001f1c5f3bc90, 0x000001f1c68b9d60, 0x000001f1c68baa80, 0x000001f1c68ba3f0,
0x000001f1c68bb110, 0x000001f1c68bbe30, 0x000001f1c68b89b0, 0x000001f1c68bc4c0,
0x000001f1c68b9040, 0x000001f1c68be590, 0x000001f1c68bd870, 0x000001f1c68bd1e0,
0x000001f1c68bdf00, 0x000001f1c68bec20, 0x000001f1c68bf2b0, 0x000001f1c68bf940,
0x000001f1c68bcb50, 0x000001f1fc72c660, 0x000001f1fc72bfd0, 0x000001f1fc72b2b0,
0x000001f1fc72da10, 0x000001f1fc72ccf0, 0x000001f1fc72d380, 0x000001f1fc72e0a0,
0x000001f1fc72ac20, 0x000001f1fc72b940, 0x000001f1fd473bd0, 0x000001f1fd474260,
0x000001f1c66fd0e0, 0x000001f1c66fd7b0
}

Java Threads: ( => current thread )
  0x000001f1c9189fb0 JavaThread "main"                              [_thread_blocked, id=2444, stack(0x0000000817d00000,0x0000000817e00000) (1024K)]
  0x000001f1c4072f70 JavaThread "Reference Handler"          daemon [_thread_blocked, id=17192, stack(0x0000000818500000,0x0000000818600000) (1024K)]
  0x000001f1c40775f0 JavaThread "Finalizer"                  daemon [_thread_blocked, id=22264, stack(0x0000000818600000,0x0000000818700000) (1024K)]
  0x000001f1c4079d30 JavaThread "Signal Dispatcher"          daemon [_thread_blocked, id=13980, stack(0x0000000818700000,0x0000000818800000) (1024K)]
  0x000001f1c4098be0 JavaThread "Attach Listener"            daemon [_thread_blocked, id=1224, stack(0x0000000818800000,0x0000000818900000) (1024K)]
  0x000001f1c4099240 JavaThread "Service Thread"             daemon [_thread_blocked, id=14484, stack(0x0000000818900000,0x0000000818a00000) (1024K)]
  0x000001f1c4077c50 JavaThread "Monitor Deflation Thread"   daemon [_thread_blocked, id=9540, stack(0x0000000818a00000,0x0000000818b00000) (1024K)]
  0x000001f1c40782b0 JavaThread "C2 CompilerThread0"         daemon [_thread_in_native, id=22192, stack(0x0000000818b00000,0x0000000818c00000) (1024K)]
  0x000001f1c40a0790 JavaThread "C1 CompilerThread0"         daemon [_thread_blocked, id=18652, stack(0x0000000818c00000,0x0000000818d00000) (1024K)]
  0x000001f1c41f34f0 JavaThread "Common-Cleaner"             daemon [_thread_blocked, id=15224, stack(0x0000000818d00000,0x0000000818e00000) (1024K)]
  0x000001f1c4384110 JavaThread "Notification Thread"        daemon [_thread_blocked, id=2484, stack(0x0000000818e00000,0x0000000818f00000) (1024K)]
  0x000001f1c5dba010 JavaThread "Daemon health stats"               [_thread_blocked, id=12004, stack(0x0000000819700000,0x0000000819800000) (1024K)]
  0x000001f1c5da2fa0 JavaThread "Incoming local TCP Connector on port 62587"        [_thread_in_native, id=14012, stack(0x0000000819800000,0x0000000819900000) (1024K)]
  0x000001f1c5fcb2d0 JavaThread "Daemon periodic checks"            [_thread_blocked, id=12244, stack(0x0000000819900000,0x0000000819a00000) (1024K)]
  0x000001f1c5b5d7a0 JavaThread "Daemon"                            [_thread_blocked, id=17220, stack(0x0000000819a00000,0x0000000819b00000) (1024K)]
  0x000001f1c5b5de00 JavaThread "Handler for socket connection from /127.0.0.1:62587 to /127.0.0.1:62588"        [_thread_in_native, id=21724, stack(0x0000000819b00000,0x0000000819c00000) (1024K)]
  0x000001f1c5ecc3e0 JavaThread "Cancel handler"                    [_thread_blocked, id=16360, stack(0x0000000819c00000,0x0000000819d00000) (1024K)]
  0x000001f1c5ecca40 JavaThread "Daemon worker"                     [_thread_in_Java, id=13744, stack(0x0000000819d00000,0x0000000819e00000) (1024K)]
  0x000001f1c5ff2000 JavaThread "Asynchronous log dispatcher for DefaultDaemonConnection: socket connection from /127.0.0.1:62587 to /127.0.0.1:62588"        [_thread_blocked, id=2448, stack(0x0000000819e00000,0x0000000819f00000) (1024K)]
  0x000001f1c5ff2e80 JavaThread "Stdin handler"                     [_thread_blocked, id=17752, stack(0x0000000819f00000,0x000000081a000000) (1024K)]
  0x000001f1c5f3a250 JavaThread "Daemon client event forwarder"        [_thread_blocked, id=7148, stack(0x000000081a000000,0x000000081a100000) (1024K)]
  0x000001f1c5f38810 JavaThread "Cache worker for journal cache (C:\Users\luis3\.gradle\caches\journal-1)"        [_thread_blocked, id=7836, stack(0x000000081a200000,0x000000081a300000) (1024K)]
  0x000001f1c5f38ea0 JavaThread "File lock request listener"        [_thread_in_native, id=17364, stack(0x000000081a300000,0x000000081a400000) (1024K)]
  0x000001f1c5f39530 JavaThread "Cache worker for file hash cache (C:\Users\luis3\.gradle\caches\8.10.2\fileHashes)"        [_thread_blocked, id=21016, stack(0x000000081a400000,0x000000081a500000) (1024K)]
  0x000001f1c5f39bc0 JavaThread "Cache worker for file hash cache (C:\Users\luis3\AndroidStudioProjects\proyectofinal\android\.gradle\8.10.2\fileHashes)"        [_thread_blocked, id=21020, stack(0x000000081a500000,0x000000081a600000) (1024K)]
  0x000001f1c5f3a8e0 JavaThread "Cache worker for Build Output Cleanup Cache (C:\Users\luis3\AndroidStudioProjects\proyectofinal\android\.gradle\buildOutputCleanup)"        [_thread_blocked, id=16356, stack(0x000000081a600000,0x000000081a700000) (1024K)]
  0x000001f1c5f3af70 JavaThread "File watcher server"        daemon [_thread_in_native, id=10612, stack(0x000000081a700000,0x000000081a800000) (1024K)]
  0x000001f1c5f3b600 JavaThread "File watcher consumer"      daemon [_thread_blocked, id=2636, stack(0x000000081a800000,0x000000081a900000) (1024K)]
  0x000001f1c5f3bc90 JavaThread "Cache worker for checksums cache (C:\Users\luis3\AndroidStudioProjects\proyectofinal\android\.gradle\8.10.2\checksums)"        [_thread_blocked, id=16724, stack(0x000000081a900000,0x000000081aa00000) (1024K)]
  0x000001f1c68b9d60 JavaThread "Cache worker for file content cache (C:\Users\luis3\.gradle\caches\8.10.2\fileContent)"        [_thread_blocked, id=14984, stack(0x000000081aa00000,0x000000081ab00000) (1024K)]
  0x000001f1c68baa80 JavaThread "Cache worker for cache directory md-rule (C:\Users\luis3\.gradle\caches\8.10.2\md-rule)"        [_thread_blocked, id=16068, stack(0x000000081ab00000,0x000000081ac00000) (1024K)]
  0x000001f1c68ba3f0 JavaThread "Cache worker for cache directory md-supplier (C:\Users\luis3\.gradle\caches\8.10.2\md-supplier)"        [_thread_blocked, id=20604, stack(0x000000081ac00000,0x000000081ad00000) (1024K)]
  0x000001f1c68bb110 JavaThread "Cache worker for Build Output Cleanup Cache (C:\flutter\packages\flutter_tools\gradle\.gradle\buildOutputCleanup)"        [_thread_blocked, id=7564, stack(0x000000081ad00000,0x000000081ae00000) (1024K)]
  0x000001f1c68bbe30 JavaThread "Unconstrained build operations"        [_thread_blocked, id=16440, stack(0x000000081ae00000,0x000000081af00000) (1024K)]
  0x000001f1c68b89b0 JavaThread "Unconstrained build operations Thread 2"        [_thread_blocked, id=10640, stack(0x000000081af00000,0x000000081b000000) (1024K)]
  0x000001f1c68bc4c0 JavaThread "Unconstrained build operations Thread 3"        [_thread_blocked, id=12272, stack(0x000000081b000000,0x000000081b100000) (1024K)]
  0x000001f1c68b9040 JavaThread "Unconstrained build operations Thread 4"        [_thread_blocked, id=15036, stack(0x000000081b100000,0x000000081b200000) (1024K)]
  0x000001f1c68be590 JavaThread "Unconstrained build operations Thread 5"        [_thread_blocked, id=14296, stack(0x000000081b200000,0x000000081b300000) (1024K)]
  0x000001f1c68bd870 JavaThread "Unconstrained build operations Thread 6"        [_thread_blocked, id=13860, stack(0x000000081b300000,0x000000081b400000) (1024K)]
  0x000001f1c68bd1e0 JavaThread "Unconstrained build operations Thread 7"        [_thread_blocked, id=4288, stack(0x000000081b400000,0x000000081b500000) (1024K)]
  0x000001f1c68bdf00 JavaThread "Unconstrained build operations Thread 8"        [_thread_blocked, id=9644, stack(0x000000081b500000,0x000000081b600000) (1024K)]
  0x000001f1c68bec20 JavaThread "Unconstrained build operations Thread 9"        [_thread_blocked, id=8316, stack(0x000000081b600000,0x000000081b700000) (1024K)]
  0x000001f1c68bf2b0 JavaThread "Unconstrained build operations Thread 10"        [_thread_blocked, id=3060, stack(0x000000081b700000,0x000000081b800000) (1024K)]
  0x000001f1c68bf940 JavaThread "Unconstrained build operations Thread 11"        [_thread_blocked, id=1376, stack(0x000000081b800000,0x000000081b900000) (1024K)]
  0x000001f1c68bcb50 JavaThread "Unconstrained build operations Thread 12"        [_thread_blocked, id=3676, stack(0x000000081b900000,0x000000081ba00000) (1024K)]
  0x000001f1fc72c660 JavaThread "Unconstrained build operations Thread 13"        [_thread_blocked, id=17524, stack(0x000000081ba00000,0x000000081bb00000) (1024K)]
  0x000001f1fc72bfd0 JavaThread "Unconstrained build operations Thread 14"        [_thread_blocked, id=20796, stack(0x000000081bb00000,0x000000081bc00000) (1024K)]
  0x000001f1fc72b2b0 JavaThread "Unconstrained build operations Thread 15"        [_thread_blocked, id=18616, stack(0x000000081bc00000,0x000000081bd00000) (1024K)]
  0x000001f1fc72da10 JavaThread "Unconstrained build operations Thread 16"        [_thread_blocked, id=12772, stack(0x000000081bd00000,0x000000081be00000) (1024K)]
  0x000001f1fc72ccf0 JavaThread "Unconstrained build operations Thread 17"        [_thread_blocked, id=14068, stack(0x000000081be00000,0x000000081bf00000) (1024K)]
  0x000001f1fc72d380 JavaThread "Unconstrained build operations Thread 18"        [_thread_blocked, id=10244, stack(0x000000081bf00000,0x000000081c000000) (1024K)]
  0x000001f1fc72e0a0 JavaThread "Unconstrained build operations Thread 19"        [_thread_blocked, id=13420, stack(0x000000081c000000,0x000000081c100000) (1024K)]
  0x000001f1fc72ac20 JavaThread "Unconstrained build operations Thread 20"        [_thread_blocked, id=5928, stack(0x000000081c100000,0x000000081c200000) (1024K)]
  0x000001f1fc72b940 JavaThread "Unconstrained build operations Thread 21"        [_thread_blocked, id=9140, stack(0x000000081c200000,0x000000081c300000) (1024K)]
  0x000001f1fd473bd0 JavaThread "Memory manager"                    [_thread_blocked, id=21148, stack(0x000000081c300000,0x000000081c400000) (1024K)]
  0x000001f1fd474260 JavaThread "build event listener"              [_thread_blocked, id=11728, stack(0x000000081c400000,0x000000081c500000) (1024K)]
=>0x000001f1c66fd0e0 JavaThread "C2 CompilerThread1"         daemon [_thread_in_native, id=10588, stack(0x0000000818f00000,0x0000000819000000) (1024K)]
  0x000001f1c66fd7b0 JavaThread "C2 CompilerThread2"         daemon [_thread_blocked, id=17436, stack(0x000000081c500000,0x000000081c600000) (1024K)]
Total: 58

Other Threads:
  0x000001f1c4018120 VMThread "VM Thread"                           [id=13200, stack(0x0000000818400000,0x0000000818500000) (1024K)]
  0x000001f1facc00d0 WatcherThread "VM Periodic Task Thread"        [id=17180, stack(0x0000000818300000,0x0000000818400000) (1024K)]
  0x000001f1cb438f20 WorkerThread "GC Thread#0"                     [id=17396, stack(0x0000000817e00000,0x0000000817f00000) (1024K)]
  0x000001f1c477bee0 WorkerThread "GC Thread#1"                     [id=19212, stack(0x0000000819000000,0x0000000819100000) (1024K)]
  0x000001f1c477c280 WorkerThread "GC Thread#2"                     [id=19292, stack(0x0000000819100000,0x0000000819200000) (1024K)]
  0x000001f1c50d1fb0 WorkerThread "GC Thread#3"                     [id=11248, stack(0x0000000819200000,0x0000000819300000) (1024K)]
  0x000001f1c49ac0f0 WorkerThread "GC Thread#4"                     [id=14168, stack(0x0000000819300000,0x0000000819400000) (1024K)]
  0x000001f1c5c4c420 WorkerThread "GC Thread#5"                     [id=17372, stack(0x0000000819400000,0x0000000819500000) (1024K)]
  0x000001f1c5c703c0 WorkerThread "GC Thread#6"                     [id=19108, stack(0x0000000819500000,0x0000000819600000) (1024K)]
  0x000001f1c5abd5e0 WorkerThread "GC Thread#7"                     [id=20716, stack(0x0000000819600000,0x0000000819700000) (1024K)]
  0x000001f1cb449e10 ConcurrentGCThread "G1 Main Marker"            [id=5564, stack(0x0000000817f00000,0x0000000818000000) (1024K)]
  0x000001f1cb44a820 WorkerThread "G1 Conc#0"                       [id=21732, stack(0x0000000818000000,0x0000000818100000) (1024K)]
  0x000001f1c5abd980 WorkerThread "G1 Conc#1"                       [id=12628, stack(0x000000081a100000,0x000000081a200000) (1024K)]
  0x000001f1fab8e910 ConcurrentGCThread "G1 Refine#0"               [id=4884, stack(0x0000000818100000,0x0000000818200000) (1024K)]
  0x000001f1fab8f230 ConcurrentGCThread "G1 Service"                [id=5628, stack(0x0000000818200000,0x0000000818300000) (1024K)]
Total: 15

Threads with active compile tasks:
C2 CompilerThread0  9912 8224       4       sun.security.util.DerValue::isPrintableStringChar (184 bytes)
C1 CompilerThread0  9912 8220       3       sun.security.x509.AVA::toRFC2253CanonicalString (356 bytes)
C2 CompilerThread1  9912 8167       4       sun.security.ec.ECOperations::setDouble (463 bytes)
Total: 3

VM state: not at safepoint (normal execution)

VM Mutex/Monitor currently owned by a thread: None

Heap address: 0x0000000600000000, size: 8192 MB, Compressed Oops mode: Zero based, Oop shift amount: 3

CDS archive(s) not mapped
Compressed class space mapped at: 0x000001f180000000-0x000001f1c0000000, reserved size: 1073741824
Narrow klass base: 0x000001f180000000, Narrow klass shift: 0, Narrow klass range: 0x40000000

GC Precious Log:
 CardTable entry size: 512
 Card Set container configuration: InlinePtr #cards 4 size 8 Array Of Cards #cards 32 size 80 Howl #buckets 8 coarsen threshold 7372 Howl Bitmap #cards 1024 size 144 coarsen threshold 921 Card regions per heap region 1 cards per card region 8192
 CPUs: 8 total, 8 available
 Memory: 7975M
 Large Page Support: Disabled
 NUMA Support: Disabled
 Compressed Oops: Enabled (Zero based)
 Heap Region Size: 4M
 Heap Min Capacity: 8M
 Heap Initial Capacity: 128M
 Heap Max Capacity: 8G
 Pre-touch: Disabled
 Parallel Workers: 8
 Concurrent Workers: 2
 Concurrent Refinement Workers: 8
 Periodic GC: Disabled

Heap:
 garbage-first heap   total 139264K, used 68710K [0x0000000600000000, 0x0000000800000000)
  region size 4096K, 3 young (12288K), 2 survivors (8192K)
 Metaspace       used 84161K, committed 86080K, reserved 1179648K
  class space    used 11545K, committed 12480K, reserved 1048576K

Heap Regions: E=young(eden), S=young(survivor), O=old, HS=humongous(starts), HC=humongous(continues), CS=collection set, F=free, TAMS=top-at-mark-start, PB=parsable bottom
|   0|0x0000000600000000, 0x0000000600400000, 0x0000000600400000|100%|HS|  |TAMS 0x0000000600000000| PB 0x0000000600000000| Complete 
|   1|0x0000000600400000, 0x0000000600800000, 0x0000000600800000|100%| O|  |TAMS 0x0000000600400000| PB 0x0000000600400000| Untracked 
|   2|0x0000000600800000, 0x0000000600c00000, 0x0000000600c00000|100%| O|  |TAMS 0x0000000600800000| PB 0x0000000600800000| Untracked 
|   3|0x0000000600c00000, 0x0000000601000000, 0x0000000601000000|100%| O|  |TAMS 0x0000000600c00000| PB 0x0000000600c00000| Untracked 
|   4|0x0000000601000000, 0x0000000601400000, 0x0000000601400000|100%| O|  |TAMS 0x0000000601000000| PB 0x0000000601000000| Untracked 
|   5|0x0000000601400000, 0x0000000601800000, 0x0000000601800000|100%| O|  |TAMS 0x0000000601400000| PB 0x0000000601400000| Untracked 
|   6|0x0000000601800000, 0x0000000601c00000, 0x0000000601c00000|100%| O|  |TAMS 0x0000000601800000| PB 0x0000000601800000| Untracked 
|   7|0x0000000601c00000, 0x0000000602000000, 0x0000000602000000|100%| O|  |TAMS 0x0000000601c00000| PB 0x0000000601c00000| Untracked 
|   8|0x0000000602000000, 0x00000006020e93e0, 0x0000000602400000| 22%| O|  |TAMS 0x0000000602000000| PB 0x0000000602000000| Untracked 
|   9|0x0000000602400000, 0x0000000602800000, 0x0000000602800000|100%| O|  |TAMS 0x0000000602400000| PB 0x0000000602400000| Untracked 
|  10|0x0000000602800000, 0x0000000602c00000, 0x0000000602c00000|100%|HS|  |TAMS 0x0000000602800000| PB 0x0000000602800000| Complete 
|  11|0x0000000602c00000, 0x0000000603000000, 0x0000000603000000|100%|HS|  |TAMS 0x0000000602c00000| PB 0x0000000602c00000| Complete 
|  12|0x0000000603000000, 0x0000000603400000, 0x0000000603400000|100%| O|  |TAMS 0x0000000603000000| PB 0x0000000603000000| Untracked 
|  13|0x0000000603400000, 0x0000000603800000, 0x0000000603800000|100%| O|  |TAMS 0x0000000603400000| PB 0x0000000603400000| Untracked 
|  14|0x0000000603800000, 0x0000000603c00000, 0x0000000603c00000|100%| O|  |TAMS 0x0000000603800000| PB 0x0000000603800000| Untracked 
|  15|0x0000000603c00000, 0x0000000603c00000, 0x0000000604000000|  0%| F|  |TAMS 0x0000000603c00000| PB 0x0000000603c00000| Untracked 
|  16|0x0000000604000000, 0x0000000604000000, 0x0000000604400000|  0%| F|  |TAMS 0x0000000604000000| PB 0x0000000604000000| Untracked 
|  17|0x0000000604400000, 0x0000000604630488, 0x0000000604800000| 54%| S|CS|TAMS 0x0000000604400000| PB 0x0000000604400000| Complete 
|  18|0x0000000604800000, 0x0000000604c00000, 0x0000000604c00000|100%| S|CS|TAMS 0x0000000604800000| PB 0x0000000604800000| Complete 
|  19|0x0000000604c00000, 0x0000000604c00000, 0x0000000605000000|  0%| F|  |TAMS 0x0000000604c00000| PB 0x0000000604c00000| Untracked 
|  20|0x0000000605000000, 0x0000000605000000, 0x0000000605400000|  0%| F|  |TAMS 0x0000000605000000| PB 0x0000000605000000| Untracked 
|  21|0x0000000605400000, 0x0000000605400000, 0x0000000605800000|  0%| F|  |TAMS 0x0000000605400000| PB 0x0000000605400000| Untracked 
|  22|0x0000000605800000, 0x0000000605800000, 0x0000000605c00000|  0%| F|  |TAMS 0x0000000605800000| PB 0x0000000605800000| Untracked 
|  23|0x0000000605c00000, 0x0000000605c00000, 0x0000000606000000|  0%| F|  |TAMS 0x0000000605c00000| PB 0x0000000605c00000| Untracked 
|  24|0x0000000606000000, 0x0000000606000000, 0x0000000606400000|  0%| F|  |TAMS 0x0000000606000000| PB 0x0000000606000000| Untracked 
|  25|0x0000000606400000, 0x0000000606400000, 0x0000000606800000|  0%| F|  |TAMS 0x0000000606400000| PB 0x0000000606400000| Untracked 
|  26|0x0000000606800000, 0x0000000606800000, 0x0000000606c00000|  0%| F|  |TAMS 0x0000000606800000| PB 0x0000000606800000| Untracked 
|  27|0x0000000606c00000, 0x0000000606c00000, 0x0000000607000000|  0%| F|  |TAMS 0x0000000606c00000| PB 0x0000000606c00000| Untracked 
|  28|0x0000000607000000, 0x0000000607000000, 0x0000000607400000|  0%| F|  |TAMS 0x0000000607000000| PB 0x0000000607000000| Untracked 
|  29|0x0000000607400000, 0x0000000607400000, 0x0000000607800000|  0%| F|  |TAMS 0x0000000607400000| PB 0x0000000607400000| Untracked 
|  30|0x0000000607800000, 0x0000000607800000, 0x0000000607c00000|  0%| F|  |TAMS 0x0000000607800000| PB 0x0000000607800000| Untracked 
|  31|0x0000000607c00000, 0x0000000607c00000, 0x0000000608000000|  0%| F|  |TAMS 0x0000000607c00000| PB 0x0000000607c00000| Untracked 
|  32|0x0000000608000000, 0x0000000608220a20, 0x0000000608400000| 53%| E|  |TAMS 0x0000000608000000| PB 0x0000000608000000| Complete 
|2047|0x00000007ffc00000, 0x0000000800000000, 0x0000000800000000|100%| O|Cm|TAMS 0x00000007ffc00000| PB 0x00000007ffc00000| Complete 

Card table byte_map: [0x000001f1efa30000,0x000001f1f0a30000] _byte_map_base: 0x000001f1eca30000

Marking Bits: (CMBitMap*) 0x000001f1cb439530
 Bits: [0x000001f1f0a30000, 0x000001f1f8a30000)

Polling page: 0x000001f1c92d0000

Metaspace:

Usage:
  Non-class:     70.94 MB used.
      Class:     11.28 MB used.
       Both:     82.22 MB used.

Virtual space:
  Non-class space:      128.00 MB reserved,      71.88 MB ( 56%) committed,  2 nodes.
      Class space:        1.00 GB reserved,      12.19 MB (  1%) committed,  1 nodes.
             Both:        1.12 GB reserved,      84.06 MB (  7%) committed. 

Chunk freelists:
   Non-Class:  8.17 MB
       Class:  3.64 MB
        Both:  11.81 MB

MaxMetaspaceSize: 4.00 GB
CompressedClassSpaceSize: 1.00 GB
Initial GC threshold: 21.00 MB
Current GC threshold: 139.19 MB
CDS: off
 - commit_granule_bytes: 65536.
 - commit_granule_words: 8192.
 - virtual_space_node_default_size: 8388608.
 - enlarge_chunks_in_place: 1.
 - use_allocation_guard: 0.


Internal statistics:

num_allocs_failed_limit: 9.
num_arena_births: 3588.
num_arena_deaths: 0.
num_vsnodes_births: 3.
num_vsnodes_deaths: 0.
num_space_committed: 1345.
num_space_uncommitted: 0.
num_chunks_returned_to_freelist: 9.
num_chunks_taken_from_freelist: 6900.
num_chunk_merges: 9.
num_chunk_splits: 4495.
num_chunks_enlarged: 2772.
num_inconsistent_stats: 0.

CodeHeap 'non-profiled nmethods': size=259264Kb used=4234Kb max_used=4337Kb free=255030Kb
 bounds [0x000001f1de7b0000, 0x000001f1debf0000, 0x000001f1ee4e0000]
CodeHeap 'profiled nmethods': size=259264Kb used=13040Kb max_used=13695Kb free=246223Kb
 bounds [0x000001f1ce4e0000, 0x000001f1cf250000, 0x000001f1de210000]
CodeHeap 'non-nmethods': size=5760Kb used=2314Kb max_used=2341Kb free=3445Kb
 bounds [0x000001f1de210000, 0x000001f1de480000, 0x000001f1de7b0000]
 total_blobs=7837 nmethods=7013 adapters=728
 compilation: enabled
              stopped_count=0, restarted_count=0
 full_count=0

Compilation events (20 events):
Event: 8.805 Thread 0x000001f1c40a0790 8172       3       sun.security.ec.ECOperations$PointMultiplier$Secp256R1GeneratorMultiplier::bit (13 bytes)
Event: 8.805 Thread 0x000001f1c40a0790 nmethod 8172 0x000001f1ce4ffe90 code [0x000001f1ce500020, 0x000001f1ce500148]
Event: 8.805 Thread 0x000001f1c40a0790 8173       3       java.math.BigInteger::valueOf (62 bytes)
Event: 8.805 Thread 0x000001f1c40a0790 nmethod 8173 0x000001f1ce7e5190 code [0x000001f1ce7e5360, 0x000001f1ce7e5718]
Event: 8.853 Thread 0x000001f1c40782b0 8174       4       java.nio.ByteBuffer::limit (8 bytes)
Event: 8.854 Thread 0x000001f1c40782b0 nmethod 8174 0x000001f1de82d610 code [0x000001f1de82d7a0, 0x000001f1de82d8b0]
Event: 8.855 Thread 0x000001f1c40a0790 8175       3       sun.security.provider.SHA5::lf_S (6 bytes)
Event: 8.856 Thread 0x000001f1c40a0790 nmethod 8175 0x000001f1ce575a90 code [0x000001f1ce575c40, 0x000001f1ce575d58]
Event: 8.856 Thread 0x000001f1c40a0790 8176       3       java.lang.Long::rotateRight (9 bytes)
Event: 8.856 Thread 0x000001f1c40a0790 nmethod 8176 0x000001f1ce588e10 code [0x000001f1ce588fa0, 0x000001f1ce5890a0]
Event: 8.856 Thread 0x000001f1c40a0790 8177       3       java.security.Provider$UString::hashCode (8 bytes)
Event: 8.856 Thread 0x000001f1c40a0790 nmethod 8177 0x000001f1ce4fae10 code [0x000001f1ce4fafc0, 0x000001f1ce4fb108]
Event: 8.858 Thread 0x000001f1c40a0790 8178       3       sun.security.ec.XECOperations::bitAt (23 bytes)
Event: 8.858 Thread 0x000001f1c40a0790 nmethod 8178 0x000001f1ce4f4690 code [0x000001f1ce4f4840, 0x000001f1ce4f49d8]
Event: 8.858 Thread 0x000001f1c40a0790 8179       3       sun.security.util.math.intpoly.IntegerPolynomial25519::reduce (40 bytes)
Event: 8.858 Thread 0x000001f1c40a0790 nmethod 8179 0x000001f1ce86ab90 code [0x000001f1ce86ad60, 0x000001f1ce86b060]
Event: 8.858 Thread 0x000001f1c40a0790 8180       3       sun.security.util.math.intpoly.IntegerPolynomial25519::carryReduce (391 bytes)
Event: 8.858 Thread 0x000001f1c66fd7b0 8181       4       sun.security.util.math.intpoly.IntegerPolynomial::multByInt (30 bytes)
Event: 8.858 Thread 0x000001f1c40a0790 nmethod 8180 0x000001f1ce54b410 code [0x000001f1ce54b5c0, 0x000001f1ce54ba20]
Event: 8.858 Thread 0x000001f1c40782b0 8182       4       sun.security.util.math.intpoly.IntegerPolynomial$MutableElement::setProduct (58 bytes)

GC Heap History (20 events):
Event: 4.908 GC heap before
{Heap before GC invocations=12 (full 0):
 garbage-first heap   total 90112K, used 67144K [0x0000000600000000, 0x0000000800000000)
  region size 4096K, 10 young (40960K), 2 survivors (8192K)
 Metaspace       used 51712K, committed 53248K, reserved 1114112K
  class space    used 7030K, committed 7808K, reserved 1048576K
}
Event: 4.911 GC heap after
{Heap after GC invocations=13 (full 0):
 garbage-first heap   total 110592K, used 35891K [0x0000000600000000, 0x0000000800000000)
  region size 4096K, 2 young (8192K), 2 survivors (8192K)
 Metaspace       used 51712K, committed 53248K, reserved 1114112K
  class space    used 7030K, committed 7808K, reserved 1048576K
}
Event: 5.795 GC heap before
{Heap before GC invocations=13 (full 0):
 garbage-first heap   total 110592K, used 85043K [0x0000000600000000, 0x0000000800000000)
  region size 4096K, 15 young (61440K), 2 survivors (8192K)
 Metaspace       used 58039K, committed 59712K, reserved 1114112K
  class space    used 7955K, committed 8768K, reserved 1048576K
}
Event: 5.800 GC heap after
{Heap after GC invocations=14 (full 0):
 garbage-first heap   total 110592K, used 38271K [0x0000000600000000, 0x0000000800000000)
  region size 4096K, 2 young (8192K), 2 survivors (8192K)
 Metaspace       used 58039K, committed 59712K, reserved 1114112K
  class space    used 7955K, committed 8768K, reserved 1048576K
}
Event: 5.959 GC heap before
{Heap before GC invocations=14 (full 0):
 garbage-first heap   total 110592K, used 46463K [0x0000000600000000, 0x0000000800000000)
  region size 4096K, 5 young (20480K), 2 survivors (8192K)
 Metaspace       used 58782K, committed 60416K, reserved 1114112K
  class space    used 8057K, committed 8832K, reserved 1048576K
}
Event: 5.963 GC heap after
{Heap after GC invocations=15 (full 0):
 garbage-first heap   total 110592K, used 39934K [0x0000000600000000, 0x0000000800000000)
  region size 4096K, 2 young (8192K), 2 survivors (8192K)
 Metaspace       used 58782K, committed 60416K, reserved 1114112K
  class space    used 8057K, committed 8832K, reserved 1048576K
}
Event: 6.351 GC heap before
{Heap before GC invocations=16 (full 0):
 garbage-first heap   total 110592K, used 89086K [0x0000000600000000, 0x0000000800000000)
  region size 4096K, 14 young (57344K), 2 survivors (8192K)
 Metaspace       used 60893K, committed 62592K, reserved 1114112K
  class space    used 8392K, committed 9280K, reserved 1048576K
}
Event: 6.355 GC heap after
{Heap after GC invocations=17 (full 0):
 garbage-first heap   total 110592K, used 43355K [0x0000000600000000, 0x0000000800000000)
  region size 4096K, 2 young (8192K), 2 survivors (8192K)
 Metaspace       used 60893K, committed 62592K, reserved 1114112K
  class space    used 8392K, committed 9280K, reserved 1048576K
}
Event: 6.938 GC heap before
{Heap before GC invocations=17 (full 0):
 garbage-first heap   total 110592K, used 92507K [0x0000000600000000, 0x0000000800000000)
  region size 4096K, 14 young (57344K), 2 survivors (8192K)
 Metaspace       used 66551K, committed 68352K, reserved 1114112K
  class space    used 9206K, committed 10112K, reserved 1048576K
}
Event: 6.942 GC heap after
{Heap after GC invocations=18 (full 0):
 garbage-first heap   total 110592K, used 48903K [0x0000000600000000, 0x0000000800000000)
  region size 4096K, 2 young (8192K), 2 survivors (8192K)
 Metaspace       used 66551K, committed 68352K, reserved 1114112K
  class space    used 9206K, committed 10112K, reserved 1048576K
}
Event: 7.335 GC heap before
{Heap before GC invocations=18 (full 0):
 garbage-first heap   total 110592K, used 102151K [0x0000000600000000, 0x0000000800000000)
  region size 4096K, 13 young (53248K), 2 survivors (8192K)
 Metaspace       used 70984K, committed 72832K, reserved 1114112K
  class space    used 9825K, committed 10752K, reserved 1048576K
}
Event: 7.339 GC heap after
{Heap after GC invocations=19 (full 0):
 garbage-first heap   total 114688K, used 59859K [0x0000000600000000, 0x0000000800000000)
  region size 4096K, 1 young (4096K), 1 survivors (4096K)
 Metaspace       used 70984K, committed 72832K, reserved 1114112K
  class space    used 9825K, committed 10752K, reserved 1048576K
}
Event: 7.709 GC heap before
{Heap before GC invocations=19 (full 0):
 garbage-first heap   total 114688K, used 100819K [0x0000000600000000, 0x0000000800000000)
  region size 4096K, 11 young (45056K), 1 survivors (4096K)
 Metaspace       used 74243K, committed 76096K, reserved 1179648K
  class space    used 10248K, committed 11136K, reserved 1048576K
}
Event: 7.712 GC heap after
{Heap after GC invocations=20 (full 0):
 garbage-first heap   total 114688K, used 61341K [0x0000000600000000, 0x0000000800000000)
  region size 4096K, 2 young (8192K), 2 survivors (8192K)
 Metaspace       used 74243K, committed 76096K, reserved 1179648K
  class space    used 10248K, committed 11136K, reserved 1048576K
}
Event: 8.006 GC heap before
{Heap before GC invocations=21 (full 0):
 garbage-first heap   total 114688K, used 94109K [0x0000000600000000, 0x0000000800000000)
  region size 4096K, 10 young (40960K), 2 survivors (8192K)
 Metaspace       used 75941K, committed 77760K, reserved 1179648K
  class space    used 10484K, committed 11392K, reserved 1048576K
}
Event: 8.009 GC heap after
{Heap after GC invocations=22 (full 0):
 garbage-first heap   total 114688K, used 65387K [0x0000000600000000, 0x0000000800000000)
  region size 4096K, 2 young (8192K), 2 survivors (8192K)
 Metaspace       used 75941K, committed 77760K, reserved 1179648K
  class space    used 10484K, committed 11392K, reserved 1048576K
}
Event: 8.320 GC heap before
{Heap before GC invocations=22 (full 0):
 garbage-first heap   total 114688K, used 94059K [0x0000000600000000, 0x0000000800000000)
  region size 4096K, 9 young (36864K), 2 survivors (8192K)
 Metaspace       used 77769K, committed 79680K, reserved 1179648K
  class space    used 10742K, committed 11712K, reserved 1048576K
}
Event: 8.325 GC heap after
{Heap after GC invocations=23 (full 0):
 garbage-first heap   total 114688K, used 65737K [0x0000000600000000, 0x0000000800000000)
  region size 4096K, 2 young (8192K), 2 survivors (8192K)
 Metaspace       used 77769K, committed 79680K, reserved 1179648K
  class space    used 10742K, committed 11712K, reserved 1048576K
}
Event: 8.731 GC heap before
{Heap before GC invocations=23 (full 0):
 garbage-first heap   total 114688K, used 94409K [0x0000000600000000, 0x0000000800000000)
  region size 4096K, 9 young (36864K), 2 survivors (8192K)
 Metaspace       used 83594K, committed 85504K, reserved 1179648K
  class space    used 11474K, committed 12416K, reserved 1048576K
}
Event: 8.736 GC heap after
{Heap after GC invocations=24 (full 0):
 garbage-first heap   total 139264K, used 68710K [0x0000000600000000, 0x0000000800000000)
  region size 4096K, 2 young (8192K), 2 survivors (8192K)
 Metaspace       used 83594K, committed 85504K, reserved 1179648K
  class space    used 11474K, committed 12416K, reserved 1048576K
}

Dll operation events (3 events):
Event: 0.015 Loaded shared library C:\Program Files\Android\Android Studio1\jbr\bin\java.dll
Event: 0.020 Loaded shared library C:\Program Files\Android\Android Studio1\jbr\bin\zip.dll
Event: 0.534 Loaded shared library C:\Program Files\Android\Android Studio1\jbr\bin\verify.dll

Deoptimization events (20 events):
Event: 8.858 Thread 0x000001f1c5ecca40 Uncommon trap: trap_request=0xffffff66 fr.pc=0x000001f1debe3040 relative=0x0000000000000260
Event: 8.858 Thread 0x000001f1c5ecca40 Uncommon trap: reason=speculate_class_check action=maybe_recompile pc=0x000001f1debe3040 method=sun.security.util.math.intpoly.IntegerPolynomial.multByInt([JJ)V @ 26 c2
Event: 8.858 Thread 0x000001f1c5ecca40 DEOPT PACKING pc=0x000001f1debe3040 sp=0x0000000819df72a0
Event: 8.858 Thread 0x000001f1c5ecca40 DEOPT UNPACKING pc=0x000001f1de267da2 sp=0x0000000819df71e0 mode 2
Event: 8.858 Thread 0x000001f1c5ecca40 Uncommon trap: trap_request=0xffffffde fr.pc=0x000001f1debde204 relative=0x00000000000001c4
Event: 8.858 Thread 0x000001f1c5ecca40 Uncommon trap: reason=class_check action=maybe_recompile pc=0x000001f1debde204 method=sun.security.util.math.intpoly.IntegerPolynomial.multByInt([JJ)V @ 26 c2
Event: 8.858 Thread 0x000001f1c5ecca40 DEOPT PACKING pc=0x000001f1debde204 sp=0x0000000819df7210
Event: 8.858 Thread 0x000001f1c5ecca40 DEOPT UNPACKING pc=0x000001f1de267da2 sp=0x0000000819df71e0 mode 2
Event: 8.858 Thread 0x000001f1c5ecca40 Uncommon trap: trap_request=0xffffffde fr.pc=0x000001f1debde204 relative=0x00000000000001c4
Event: 8.858 Thread 0x000001f1c5ecca40 Uncommon trap: reason=class_check action=maybe_recompile pc=0x000001f1debde204 method=sun.security.util.math.intpoly.IntegerPolynomial.multByInt([JJ)V @ 26 c2
Event: 8.858 Thread 0x000001f1c5ecca40 DEOPT PACKING pc=0x000001f1debde204 sp=0x0000000819df7210
Event: 8.858 Thread 0x000001f1c5ecca40 DEOPT UNPACKING pc=0x000001f1de267da2 sp=0x0000000819df71e0 mode 2
Event: 8.858 Thread 0x000001f1c5ecca40 Uncommon trap: trap_request=0xffffffde fr.pc=0x000001f1debde204 relative=0x00000000000001c4
Event: 8.858 Thread 0x000001f1c5ecca40 Uncommon trap: reason=class_check action=maybe_recompile pc=0x000001f1debde204 method=sun.security.util.math.intpoly.IntegerPolynomial.multByInt([JJ)V @ 26 c2
Event: 8.858 Thread 0x000001f1c5ecca40 DEOPT PACKING pc=0x000001f1debde204 sp=0x0000000819df7210
Event: 8.858 Thread 0x000001f1c5ecca40 DEOPT UNPACKING pc=0x000001f1de267da2 sp=0x0000000819df71e0 mode 2
Event: 8.858 Thread 0x000001f1c5ecca40 Uncommon trap: trap_request=0xffffffde fr.pc=0x000001f1debde204 relative=0x00000000000001c4
Event: 8.858 Thread 0x000001f1c5ecca40 Uncommon trap: reason=class_check action=maybe_recompile pc=0x000001f1debde204 method=sun.security.util.math.intpoly.IntegerPolynomial.multByInt([JJ)V @ 26 c2
Event: 8.858 Thread 0x000001f1c5ecca40 DEOPT PACKING pc=0x000001f1debde204 sp=0x0000000819df7210
Event: 8.858 Thread 0x000001f1c5ecca40 DEOPT UNPACKING pc=0x000001f1de267da2 sp=0x0000000819df71e0 mode 2

Classes loaded (20 events):
Event: 8.856 Loading class sun/security/ssl/XDHKeyExchange$XDHEKAGenerator
Event: 8.856 Loading class sun/security/ssl/XDHKeyExchange$XDHEKAGenerator done
Event: 8.856 Loading class sun/security/ssl/KAKeyDerivation
Event: 8.856 Loading class sun/security/ssl/KAKeyDerivation done
Event: 8.857 Loading class javax/crypto/KeyAgreementSpi
Event: 8.857 Loading class javax/crypto/KeyAgreementSpi done
Event: 8.857 Loading class javax/crypto/ShortBufferException
Event: 8.857 Loading class javax/crypto/ShortBufferException done
Event: 8.857 Loading class javax/crypto/SecretKey
Event: 8.857 Loading class javax/crypto/SecretKey done
Event: 8.859 Loading class javax/crypto/spec/SecretKeySpec
Event: 8.859 Loading class javax/crypto/spec/SecretKeySpec done
Event: 8.859 Loading class jdk/internal/access/JavaxCryptoSpecAccess
Event: 8.859 Loading class jdk/internal/access/JavaxCryptoSpecAccess done
Event: 8.859 Loading class sun/security/ssl/HKDF
Event: 8.859 Loading class sun/security/ssl/HKDF done
Event: 8.859 Loading class javax/crypto/Mac
Event: 8.860 Loading class javax/crypto/Mac done
Event: 8.860 Loading class com/sun/crypto/provider/HmacCore$HmacSHA384
Event: 8.860 Loading class com/sun/crypto/provider/HmacCore

Classes unloaded (0 events):
No events

Classes redefined (0 events):
No events

Internal exceptions (20 events):
Event: 7.790 Thread 0x000001f1c5ecca40 Exception <a 'java/lang/ClassNotFoundException'{0x0000000606729cc0}: org/jetbrains/kotlin/gradle/targets/js/npm/DefaultNpmDependencyExtensionCustomizer> (0x0000000606729cc0) 
thrown [s\src\hotspot\share\classfile\systemDictionary.cpp, line 312]
Event: 7.794 Thread 0x000001f1c5ecca40 Exception <a 'java/lang/ClassNotFoundException'{0x00000006067d0bb0}: org/jetbrains/kotlin/gradle/targets/js/npm/NpmDependencyExtensionKt$defaultNpmDependencyDelegate$1BeanInfo> (0x00000006067d0bb0) 
thrown [s\src\hotspot\share\classfile\systemDictionary.cpp, line 312]
Event: 7.794 Thread 0x000001f1c5ecca40 Exception <a 'java/lang/ClassNotFoundException'{0x00000006067dfa00}: org/jetbrains/kotlin/gradle/targets/js/npm/NpmDependencyExtensionDelegateBeanInfo> (0x00000006067dfa00) 
thrown [s\src\hotspot\share\classfile\systemDictionary.cpp, line 312]
Event: 7.794 Thread 0x000001f1c5ecca40 Exception <a 'java/lang/ClassNotFoundException'{0x00000006067ee820}: org/jetbrains/kotlin/gradle/targets/js/npm/NpmDependencyExtensionDelegateCustomizer> (0x00000006067ee820) 
thrown [s\src\hotspot\share\classfile\systemDictionary.cpp, line 312]
Event: 7.795 Thread 0x000001f1c5ecca40 Exception <a 'java/lang/ClassNotFoundException'{0x00000006060295f0}: org/jetbrains/kotlin/gradle/targets/js/npm/NpmDependencyExtensionKt$defaultNpmDependencyDelegate$1Customizer> (0x00000006060295f0) 
thrown [s\src\hotspot\share\classfile\systemDictionary.cpp, line 312]
Event: 7.798 Thread 0x000001f1c5ecca40 Exception <a 'java/lang/ClassNotFoundException'{0x0000000606074bb8}: org/jetbrains/kotlin/gradle/targets/js/npm/DefaultDevNpmDependencyExtensionBeanInfo> (0x0000000606074bb8) 
thrown [s\src\hotspot\share\classfile\systemDictionary.cpp, line 312]
Event: 7.798 Thread 0x000001f1c5ecca40 Exception <a 'java/lang/ClassNotFoundException'{0x00000006060839e0}: org/jetbrains/kotlin/gradle/targets/js/npm/DefaultDevNpmDependencyExtensionCustomizer> (0x00000006060839e0) 
thrown [s\src\hotspot\share\classfile\systemDictionary.cpp, line 312]
Event: 7.801 Thread 0x000001f1c5ecca40 Exception <a 'java/lang/ClassNotFoundException'{0x00000006060d9678}: org/jetbrains/kotlin/gradle/targets/js/npm/DefaultPeerNpmDependencyExtensionBeanInfo> (0x00000006060d9678) 
thrown [s\src\hotspot\share\classfile\systemDictionary.cpp, line 312]
Event: 7.801 Thread 0x000001f1c5ecca40 Exception <a 'java/lang/ClassNotFoundException'{0x00000006060e84a8}: org/jetbrains/kotlin/gradle/targets/js/npm/DefaultPeerNpmDependencyExtensionCustomizer> (0x00000006060e84a8) 
thrown [s\src\hotspot\share\classfile\systemDictionary.cpp, line 312]
Event: 7.803 Thread 0x000001f1c5ecca40 Exception <a 'java/lang/ClassNotFoundException'{0x000000060614b508}: org/jetbrains/kotlin/gradle/targets/js/npm/DefaultPeerNpmDependencyExtension$delegate$1BeanInfo> (0x000000060614b508) 
thrown [s\src\hotspot\share\classfile\systemDictionary.cpp, line 312]
Event: 7.803 Thread 0x000001f1c5ecca40 Exception <a 'java/lang/ClassNotFoundException'{0x000000060615a670}: org/jetbrains/kotlin/gradle/targets/js/npm/DefaultPeerNpmDependencyExtension$delegate$1Customizer> (0x000000060615a670) 
thrown [s\src\hotspot\share\classfile\systemDictionary.cpp, line 312]
Event: 7.817 Thread 0x000001f1c5ecca40 Exception <a 'java/lang/NoSuchMethodError'{0x00000006062a5338}: static Lorg/jetbrains/kotlin/gradle/plugin/internal/DefaultIdeaSyncDetector$createIdeaPropertiesEvaluator$1;.<clinit>()V> (0x00000006062a5338) 
thrown [s\src\hotspot\share\prims\jni.cpp, line 1135]
Event: 7.885 Thread 0x000001f1c5ecca40 Exception <a 'java/lang/NoSuchMethodError'{0x0000000605b0c4d0}: 'int java.lang.invoke.DirectMethodHandle$Holder.invokeSpecialIFC(java.lang.Object, java.lang.Object, java.lang.Object, java.lang.Object, java.lang.Object)'> (0x0000000605b0c4d0) 
thrown [s\src\hotspot\share\interpreter\linkResolver.cpp, line 784]
Event: 8.304 Thread 0x000001f1c5ecca40 Implicit null exception at 0x000001f1deac195d to 0x000001f1deac1e64
Event: 8.304 Thread 0x000001f1c5ecca40 Implicit null exception at 0x000001f1deac2cdf to 0x000001f1deac31c8
Event: 8.306 Thread 0x000001f1c5ecca40 Exception <a 'java/lang/NoSuchMethodError'{0x0000000605308598}: 'void java.lang.invoke.DirectMethodHandle$Holder.invokeInterface(java.lang.Object, java.lang.Object, java.lang.Object, java.lang.Object)'> (0x0000000605308598) 
thrown [s\src\hotspot\share\interpreter\linkResolver.cpp, line 784]
Event: 8.395 Thread 0x000001f1c5ecca40 Implicit null exception at 0x000001f1de90cae5 to 0x000001f1de90cd70
Event: 8.395 Thread 0x000001f1c5ecca40 Exception <a 'java/lang/NoSuchMethodError'{0x0000000606510498}: 'int java.lang.invoke.DirectMethodHandle$Holder.invokeSpecial(java.lang.Object, java.lang.Object, java.lang.Object, int)'> (0x0000000606510498) 
thrown [s\src\hotspot\share\interpreter\linkResolver.cpp, line 784]
Event: 8.396 Thread 0x000001f1c5ecca40 Exception <a 'java/lang/NoSuchMethodError'{0x0000000606521148}: 'java.lang.Object java.lang.invoke.DirectMethodHandle$Holder.invokeStatic(java.lang.Object, java.lang.Object, java.lang.Object, java.lang.Object, int)'> (0x0000000606521148) 
thrown [s\src\hotspot\share\interpreter\linkResolver.cpp, line 784]
Event: 8.447 Thread 0x000001f1c5ecca40 Exception <a 'sun/nio/fs/WindowsException'{0x000000060678f1d0}> (0x000000060678f1d0) 
thrown [s\src\hotspot\share\prims\jni.cpp, line 535]

ZGC Phase Switch (0 events):
No events

VM Operations (20 events):
Event: 8.418 Executing VM operation: HandshakeAllThreads (Deoptimize) done
Event: 8.448 Executing VM operation: HandshakeAllThreads (Deoptimize)
Event: 8.448 Executing VM operation: HandshakeAllThreads (Deoptimize) done
Event: 8.451 Executing VM operation: HandshakeAllThreads (Deoptimize)
Event: 8.451 Executing VM operation: HandshakeAllThreads (Deoptimize) done
Event: 8.453 Executing VM operation: HandshakeAllThreads (Deoptimize)
Event: 8.453 Executing VM operation: HandshakeAllThreads (Deoptimize) done
Event: 8.483 Executing VM operation: HandshakeAllThreads (Deoptimize)
Event: 8.483 Executing VM operation: HandshakeAllThreads (Deoptimize) done
Event: 8.493 Executing VM operation: HandshakeAllThreads (Deoptimize)
Event: 8.493 Executing VM operation: HandshakeAllThreads (Deoptimize) done
Event: 8.538 Executing VM operation: HandshakeAllThreads (Deoptimize)
Event: 8.538 Executing VM operation: HandshakeAllThreads (Deoptimize) done
Event: 8.731 Executing VM operation: G1CollectForAllocation (G1 Evacuation Pause)
Event: 8.736 Executing VM operation: G1CollectForAllocation (G1 Evacuation Pause) done
Event: 8.780 Executing VM operation: G1PauseRemark
Event: 8.784 Executing VM operation: G1PauseRemark done
Event: 8.797 Executing VM operation: G1PauseCleanup
Event: 8.797 Executing VM operation: G1PauseCleanup done
Event: 9.812 Executing VM operation: Cleanup

Memory protections (0 events):
No events

Nmethod flushes (20 events):
Event: 8.783 Thread 0x000001f1c4018120 flushing  nmethod 0x000001f1ce696c10
Event: 8.783 Thread 0x000001f1c4018120 flushing  nmethod 0x000001f1ce69ca90
Event: 8.783 Thread 0x000001f1c4018120 flushing  nmethod 0x000001f1ce7e1a90
Event: 8.783 Thread 0x000001f1c4018120 flushing  nmethod 0x000001f1ce7e5190
Event: 8.783 Thread 0x000001f1c4018120 flushing  nmethod 0x000001f1ce867990
Event: 8.783 Thread 0x000001f1c4018120 flushing  nmethod 0x000001f1ce867c90
Event: 8.783 Thread 0x000001f1c4018120 flushing  nmethod 0x000001f1ce86ab90
Event: 8.783 Thread 0x000001f1c4018120 flushing  nmethod 0x000001f1ceadde10
Event: 8.783 Thread 0x000001f1c4018120 flushing  nmethod 0x000001f1ceb3d590
Event: 8.783 Thread 0x000001f1c4018120 flushing  nmethod 0x000001f1ceb44f10
Event: 8.783 Thread 0x000001f1c4018120 flushing  nmethod 0x000001f1cebe7410
Event: 8.783 Thread 0x000001f1c4018120 flushing  nmethod 0x000001f1cecbe010
Event: 8.783 Thread 0x000001f1c4018120 flushing  nmethod 0x000001f1cecbea10
Event: 8.783 Thread 0x000001f1c4018120 flushing  nmethod 0x000001f1cf065d10
Event: 8.783 Thread 0x000001f1c4018120 flushing  nmethod 0x000001f1cf066210
Event: 8.783 Thread 0x000001f1c4018120 flushing  nmethod 0x000001f1cf071510
Event: 8.783 Thread 0x000001f1c4018120 flushing  nmethod 0x000001f1cf0fd310
Event: 8.783 Thread 0x000001f1c4018120 flushing  nmethod 0x000001f1cf0ffe90
Event: 8.783 Thread 0x000001f1c4018120 flushing  nmethod 0x000001f1cf100290
Event: 8.783 Thread 0x000001f1c4018120 flushing  nmethod 0x000001f1cf103a90

Events (20 events):
Event: 5.917 Thread 0x000001f1c5ecca40 Thread added: 0x000001f1c68bd1e0
Event: 5.987 Thread 0x000001f1c5ecca40 Thread added: 0x000001f1c68bdf00
Event: 5.988 Thread 0x000001f1c5ecca40 Thread added: 0x000001f1c68bec20
Event: 5.994 Thread 0x000001f1c5ecca40 Thread added: 0x000001f1c68bf2b0
Event: 5.996 Thread 0x000001f1c5ecca40 Thread added: 0x000001f1c68bf940
Event: 5.999 Thread 0x000001f1c5ecca40 Thread added: 0x000001f1c68bcb50
Event: 6.001 Thread 0x000001f1c5ecca40 Thread added: 0x000001f1fc72c660
Event: 6.004 Thread 0x000001f1c5ecca40 Thread added: 0x000001f1fc72bfd0
Event: 6.081 Thread 0x000001f1c5ecca40 Thread added: 0x000001f1fc72b2b0
Event: 6.082 Thread 0x000001f1c5ecca40 Thread added: 0x000001f1fc72da10
Event: 6.082 Thread 0x000001f1c5ecca40 Thread added: 0x000001f1fc72ccf0
Event: 6.083 Thread 0x000001f1c5ecca40 Thread added: 0x000001f1fc72d380
Event: 6.083 Thread 0x000001f1c5ecca40 Thread added: 0x000001f1fc72e0a0
Event: 6.084 Thread 0x000001f1c5ecca40 Thread added: 0x000001f1fc72ac20
Event: 6.084 Thread 0x000001f1c5ecca40 Thread added: 0x000001f1fc72b940
Event: 6.395 Thread 0x000001f1c5ecca40 Thread added: 0x000001f1fd473bd0
Event: 6.956 Thread 0x000001f1c5ecca40 Thread added: 0x000001f1fd474260
Event: 7.311 Thread 0x000001f1c40a0e60 Thread exited: 0x000001f1c40a0e60
Event: 7.394 Thread 0x000001f1c40a0790 Thread added: 0x000001f1c66fd0e0
Event: 8.571 Thread 0x000001f1c40782b0 Thread added: 0x000001f1c66fd7b0


Dynamic libraries:
0x00007ff7f4830000 - 0x00007ff7f483a000 	C:\Program Files\Android\Android Studio1\jbr\bin\java.exe
0x00007ffb1f880000 - 0x00007ffb1fae6000 	C:\windows\SYSTEM32\ntdll.dll
0x00007ffb1e310000 - 0x00007ffb1e3d9000 	C:\windows\System32\KERNEL32.DLL
0x00007ffb1ccd0000 - 0x00007ffb1d09c000 	C:\windows\System32\KERNELBASE.dll
0x00007ffb1d250000 - 0x00007ffb1d39b000 	C:\windows\System32\ucrtbase.dll
0x00007ffb07420000 - 0x00007ffb0743b000 	C:\Program Files\Android\Android Studio1\jbr\bin\VCRUNTIME140.dll
0x00007ffb06f10000 - 0x00007ffb06f28000 	C:\Program Files\Android\Android Studio1\jbr\bin\jli.dll
0x00007ffb1ea70000 - 0x00007ffb1ec3a000 	C:\windows\System32\USER32.dll
0x00007ffb1d0a0000 - 0x00007ffb1d0c7000 	C:\windows\System32\win32u.dll
0x00007ffb05200000 - 0x00007ffb0549a000 	C:\windows\WinSxS\amd64_microsoft.windows.common-controls_6595b64144ccf1df_6.0.26100.3912_none_3e07963ce335137e\COMCTL32.dll
0x00007ffb1e040000 - 0x00007ffb1e06b000 	C:\windows\System32\GDI32.dll
0x00007ffb1e9c0000 - 0x00007ffb1ea69000 	C:\windows\System32\msvcrt.dll
0x00007ffb1d3a0000 - 0x00007ffb1d4d2000 	C:\windows\System32\gdi32full.dll
0x00007ffb1caa0000 - 0x00007ffb1cb43000 	C:\windows\System32\msvcp_win.dll
0x00007ffb1f700000 - 0x00007ffb1f730000 	C:\windows\System32\IMM32.DLL
0x00007ffb092f0000 - 0x00007ffb092fc000 	C:\Program Files\Android\Android Studio1\jbr\bin\vcruntime140_1.dll
0x00007ffadf8c0000 - 0x00007ffadf94d000 	C:\Program Files\Android\Android Studio1\jbr\bin\msvcp140.dll
0x00007ffa96d00000 - 0x00007ffa9798a000 	C:\Program Files\Android\Android Studio1\jbr\bin\server\jvm.dll
0x00007ffb1e3e0000 - 0x00007ffb1e492000 	C:\windows\System32\ADVAPI32.dll
0x00007ffb1e260000 - 0x00007ffb1e306000 	C:\windows\System32\sechost.dll
0x00007ffb1e8a0000 - 0x00007ffb1e9b6000 	C:\windows\System32\RPCRT4.dll
0x00007ffb1e640000 - 0x00007ffb1e6b4000 	C:\windows\System32\WS2_32.dll
0x00007ffb1c860000 - 0x00007ffb1c8be000 	C:\windows\SYSTEM32\POWRPROF.dll
0x00007ffb0b720000 - 0x00007ffb0b72b000 	C:\windows\SYSTEM32\VERSION.dll
0x00007ffb13820000 - 0x00007ffb13856000 	C:\windows\SYSTEM32\WINMM.dll
0x00007ffb1c840000 - 0x00007ffb1c854000 	C:\windows\SYSTEM32\UMPDC.dll
0x00007ffb1b7d0000 - 0x00007ffb1b7ea000 	C:\windows\SYSTEM32\kernel.appcore.dll
0x00007ffb090d0000 - 0x00007ffb090da000 	C:\Program Files\Android\Android Studio1\jbr\bin\jimage.dll
0x00007ffb19c50000 - 0x00007ffb19e91000 	C:\windows\SYSTEM32\DBGHELP.DLL
0x00007ffb1ec40000 - 0x00007ffb1efc4000 	C:\windows\System32\combase.dll
0x00007ffb1dc80000 - 0x00007ffb1dd60000 	C:\windows\System32\OLEAUT32.dll
0x00007ffaf18a0000 - 0x00007ffaf18d9000 	C:\windows\SYSTEM32\dbgcore.DLL
0x00007ffb1d4e0000 - 0x00007ffb1d579000 	C:\windows\System32\bcryptPrimitives.dll
0x00007ffb17090000 - 0x00007ffb1709e000 	C:\Program Files\Android\Android Studio1\jbr\bin\instrument.dll
0x00007ffb07250000 - 0x00007ffb07270000 	C:\Program Files\Android\Android Studio1\jbr\bin\java.dll
0x00007ffb071d0000 - 0x00007ffb071e8000 	C:\Program Files\Android\Android Studio1\jbr\bin\zip.dll
0x00007ffb1efd0000 - 0x00007ffb1f6fd000 	C:\windows\System32\SHELL32.dll
0x00007ffb1d0d0000 - 0x00007ffb1d244000 	C:\windows\System32\wintypes.dll
0x00007ffb1a6a0000 - 0x00007ffb1aef6000 	C:\windows\SYSTEM32\windows.storage.dll
0x00007ffb1f740000 - 0x00007ffb1f82f000 	C:\windows\System32\SHCORE.dll
0x00007ffb1d640000 - 0x00007ffb1d6a9000 	C:\windows\System32\shlwapi.dll
0x00007ffb1c920000 - 0x00007ffb1c94f000 	C:\windows\SYSTEM32\profapi.dll
0x00007ffb08ec0000 - 0x00007ffb08ed0000 	C:\Program Files\Android\Android Studio1\jbr\bin\net.dll
0x00007ffb15e20000 - 0x00007ffb15f3e000 	C:\windows\SYSTEM32\WINHTTP.dll
0x00007ffb1bd40000 - 0x00007ffb1bdaa000 	C:\windows\system32\mswsock.dll
0x00007ffb065b0000 - 0x00007ffb065c6000 	C:\Program Files\Android\Android Studio1\jbr\bin\nio.dll
0x00007ffb06180000 - 0x00007ffb06190000 	C:\Program Files\Android\Android Studio1\jbr\bin\verify.dll
0x00007ffb05050000 - 0x00007ffb05077000 	C:\Users\luis3\.gradle\native\c067742578af261105cb4f569cf0c3c89f3d7b1fecec35dd04571415982c5e48\windows-amd64\native-platform.dll
0x00007ffab3270000 - 0x00007ffab33b4000 	C:\Users\luis3\.gradle\native\100fb08df4bc3b14c8652ba06237920a3bd2aa13389f12d3474272988ae205f9\windows-amd64\native-platform-file-events.dll
0x00007ffb071b0000 - 0x00007ffb071b9000 	C:\Program Files\Android\Android Studio1\jbr\bin\management.dll
0x00007ffb06cd0000 - 0x00007ffb06cdb000 	C:\Program Files\Android\Android Studio1\jbr\bin\management_ext.dll
0x00007ffb1e890000 - 0x00007ffb1e898000 	C:\windows\System32\PSAPI.DLL
0x00007ffb1bfe0000 - 0x00007ffb1bffc000 	C:\windows\SYSTEM32\CRYPTSP.dll
0x00007ffb1b730000 - 0x00007ffb1b76a000 	C:\windows\system32\rsaenh.dll
0x00007ffb1bde0000 - 0x00007ffb1be0b000 	C:\windows\SYSTEM32\USERENV.dll
0x00007ffb1c8f0000 - 0x00007ffb1c916000 	C:\windows\SYSTEM32\bcrypt.dll
0x00007ffb1c000000 - 0x00007ffb1c00c000 	C:\windows\SYSTEM32\CRYPTBASE.dll
0x00007ffb1b2c0000 - 0x00007ffb1b2f3000 	C:\windows\SYSTEM32\IPHLPAPI.DLL
0x00007ffb1e6c0000 - 0x00007ffb1e6ca000 	C:\windows\System32\NSI.dll
0x00007ffb07ce0000 - 0x00007ffb07ce9000 	C:\Program Files\Android\Android Studio1\jbr\bin\extnet.dll
0x00007ffb03e70000 - 0x00007ffb03e78000 	C:\windows\system32\wshunix.dll
0x00007ffae99a0000 - 0x00007ffae99b8000 	C:\windows\system32\napinsp.dll
0x00007ffb1b390000 - 0x00007ffb1b4b7000 	C:\windows\SYSTEM32\DNSAPI.dll
0x00007ffae7890000 - 0x00007ffae78a2000 	C:\windows\System32\winrnr.dll
0x00007ffae7850000 - 0x00007ffae7880000 	C:\windows\system32\nlansp_c.dll
0x00007ffb12530000 - 0x00007ffb12550000 	C:\windows\system32\wshbth.dll
0x00007ffb0c820000 - 0x00007ffb0c82b000 	C:\Windows\System32\rasadhlp.dll
0x00007ffb16630000 - 0x00007ffb166b6000 	C:\windows\System32\fwpuclnt.dll

dbghelp: loaded successfully - version: 4.0.5 - missing functions: none
symbol engine: initialized successfully - sym options: 0x614 - pdb path: .;C:\Program Files\Android\Android Studio1\jbr\bin;C:\windows\SYSTEM32;C:\windows\WinSxS\amd64_microsoft.windows.common-controls_6595b64144ccf1df_6.0.26100.3912_none_3e07963ce335137e;C:\Program Files\Android\Android Studio1\jbr\bin\server;C:\Users\luis3\.gradle\native\c067742578af261105cb4f569cf0c3c89f3d7b1fecec35dd04571415982c5e48\windows-amd64;C:\Users\luis3\.gradle\native\100fb08df4bc3b14c8652ba06237920a3bd2aa13389f12d3474272988ae205f9\windows-amd64

VM Arguments:
jvm_args: -XX:MaxMetaspaceSize=4G -XX:ReservedCodeCacheSize=512m -XX:+HeapDumpOnOutOfMemoryError --add-opens=java.base/java.util=ALL-UNNAMED --add-opens=java.base/java.lang=ALL-UNNAMED --add-opens=java.base/java.lang.invoke=ALL-UNNAMED --add-opens=java.prefs/java.util.prefs=ALL-UNNAMED --add-exports=jdk.compiler/com.sun.tools.javac.api=ALL-UNNAMED --add-exports=jdk.compiler/com.sun.tools.javac.util=ALL-UNNAMED --add-opens=java.base/java.nio.charset=ALL-UNNAMED --add-opens=java.base/java.net=ALL-UNNAMED --add-opens=java.base/java.util.concurrent.atomic=ALL-UNNAMED -Xmx8G -Dfile.encoding=UTF-8 -Duser.country=MX -Duser.language=es -Duser.variant -javaagent:C:\Users\luis3\.gradle\wrapper\dists\gradle-8.10.2-all\7iv73wktx1xtkvlq19urqw1wm\gradle-8.10.2\lib\agents\gradle-instrumentation-agent-8.10.2.jar 
java_command: org.gradle.launcher.daemon.bootstrap.GradleDaemon 8.10.2
java_class_path (initial): C:\Users\luis3\.gradle\wrapper\dists\gradle-8.10.2-all\7iv73wktx1xtkvlq19urqw1wm\gradle-8.10.2\lib\gradle-daemon-main-8.10.2.jar
Launcher Type: SUN_STANDARD

[Global flags]
     intx CICompilerCount                          = 4                                         {product} {ergonomic}
     uint ConcGCThreads                            = 2                                         {product} {ergonomic}
     uint G1ConcRefinementThreads                  = 8                                         {product} {ergonomic}
   size_t G1HeapRegionSize                         = 4194304                                   {product} {ergonomic}
    uintx GCDrainStackTargetSize                   = 64                                        {product} {ergonomic}
     bool HeapDumpOnOutOfMemoryError               = true                                   {manageable} {command line}
   size_t InitialHeapSize                          = 134217728                                 {product} {ergonomic}
   size_t MarkStackSize                            = 4194304                                   {product} {ergonomic}
   size_t MaxHeapSize                              = 8589934592                                {product} {command line}
   size_t MaxMetaspaceSize                         = 4294967296                                {product} {command line}
   size_t MaxNewSize                               = 5150605312                                {product} {ergonomic}
   size_t MinHeapDeltaBytes                        = 4194304                                   {product} {ergonomic}
   size_t MinHeapSize                              = 8388608                                   {product} {ergonomic}
    uintx NonNMethodCodeHeapSize                   = 5839372                                {pd product} {ergonomic}
    uintx NonProfiledCodeHeapSize                  = 265515770                              {pd product} {ergonomic}
    uintx ProfiledCodeHeapSize                     = 265515770                              {pd product} {ergonomic}
    uintx ReservedCodeCacheSize                    = 536870912                              {pd product} {command line}
     bool SegmentedCodeCache                       = true                                      {product} {ergonomic}
   size_t SoftMaxHeapSize                          = 8589934592                             {manageable} {ergonomic}
     bool UseCompressedOops                        = true                           {product lp64_product} {ergonomic}
     bool UseG1GC                                  = true                                      {product} {ergonomic}
     bool UseLargePagesIndividualAllocation        = false                                  {pd product} {ergonomic}

Logging:
Log output configuration:
 #0: stdout all=warning uptime,level,tags foldmultilines=false
 #1: stderr all=off uptime,level,tags foldmultilines=false

Environment Variables:
JAVA_HOME=C:\Program Files\Android\Android Studio1\jbr
CLASSPATH=C:\Users\luis3\AndroidStudioProjects\proyectofinal\android\\gradle\wrapper\gradle-wrapper.jar
PATH=C:\Program Files\Android\Android Studio1\jbr\bin;C:\Python313\Scripts\;C:\Python313\;C:\Program Files\Common Files\Oracle\Java\javapath;C:\Program Files (x86)\Common Files\Oracle\Java\java8path;C:\Program Files (x86)\Common Files\Oracle\Java\javapath;C:\Program Files (x86)\NVIDIA Corporation\PhysX\Common;C:\Program Files\dotnet\;C:\windows\system32;C:\windows;C:\windows\System32\Wbem;C:\windows\System32\WindowsPowerShell\v1.0\;C:\windows\System32\OpenSSH\;C:\Program Files\Common Files\Autodesk Shared\;C:\Program Files\nodejs\;C:\ProgramData\chocolatey\bin;C:\Program Files\Git\cmd;C:\Users\luis3\AppData\Local\Microsoft\WindowsApps;C:\Program Files\JetBrains\IntelliJ IDEA Community Edition 2024.1.1\bin;C:\Users\luis3\AppData\Local\atom\bin;C:\Program Files\JetBrains\WebStorm 2024.2.4\bin;;C:\Users\luis3\AppData\Local\Microsoft\WindowsApps;C:\flutter\bin;C:\Users\luis3\AppData\Local\Android\Sdk\cmdline-tools\latest\bin\sdkmanager;C:\Users\luis3\dev\flutter\bin;C:\Users\luis3\AppData\Local\Programs\Microsoft VS Code\bin;C:\Users\luis3\AppData\Roaming\npm;C:\Users\luis3\AppData\Local\Pub\Cache\bin\;;C:\flutter\bin\mingit\cmd
USERNAME=luis3
OS=Windows_NT
PROCESSOR_IDENTIFIER=Intel64 Family 6 Model 140 Stepping 1, GenuineIntel
TMP=C:\Users\luis3\AppData\Local\Temp
TEMP=C:\Users\luis3\AppData\Local\Temp




Periodic native trim disabled

JNI global refs:
JNI global refs: 28, weak refs: 0

JNI global refs memory usage: 835, weak refs: 201

Process memory usage:
Resident Set Size: 349124K (4% of 8166712K total physical memory with 728532K free physical memory)

OOME stack traces (most recent first):
Classloader memory used:
Loader org.gradle.internal.classloader.VisitableURLClassLoader                         : 35726K
Loader bootstrap                                                                       : 29639K
Loader org.gradle.initialization.MixInLegacyTypesClassLoader                           : 12675K
Loader org.gradle.internal.classloader.VisitableURLClassLoader$InstrumentingVisitableURLClassLoader: 5066K
Loader jdk.internal.loader.ClassLoaders$PlatformClassLoader                            : 820K
Loader jdk.internal.loader.ClassLoaders$AppClassLoader                                 : 234K
Loader org.gradle.internal.classloader.VisitableURLClassLoader                         : 98144B
Loader jdk.internal.reflect.DelegatingClassLoader                                      : 79272B
Loader sun.reflect.misc.MethodUtil                                                     : 2952B

Classes loaded by more than one classloader:
Class Program                                                                         : loaded 4 times (x 68B)
Class org.gradle.internal.classloader.ClassLoaderHierarchy                            : loaded 2 times (x 66B)
Class org.gradle.api.internal.classpath.ManifestUtil                                  : loaded 2 times (x 67B)
Class org.gradle.internal.classloader.DefaultClassLoaderFactory                       : loaded 2 times (x 78B)
Class org.gradle.internal.classloader.ClassLoaderVisitor                              : loaded 2 times (x 72B)
Class org.gradle.api.internal.classpath.EffectiveClassPath                            : loaded 2 times (x 86B)
Class org.gradle.api.internal.DefaultClassPathProvider                                : loaded 2 times (x 72B)
Class [Lorg.gradle.api.internal.ClassPathProvider;                                    : loaded 2 times (x 65B)
Class org.gradle.api.internal.ClassPathProvider                                       : loaded 2 times (x 66B)
Class org.gradle.internal.service.UnknownServiceException                             : loaded 2 times (x 79B)
Class org.gradle.internal.classpath.TransformedClassPath                              : loaded 2 times (x 92B)
Class org.gradle.internal.classloader.InstrumentingClassLoader                        : loaded 2 times (x 66B)
Class org.gradle.internal.service.ServiceLocator                                      : loaded 2 times (x 66B)
Class org.gradle.internal.InternalTransformer                                         : loaded 2 times (x 66B)
Class org.gradle.internal.classloader.ClasspathUtil$1                                 : loaded 2 times (x 72B)
Class org.gradle.api.internal.classpath.DefaultModuleRegistry$DefaultModule           : loaded 2 times (x 82B)
Class org.gradle.api.internal.classpath.Module                                        : loaded 2 times (x 66B)
Class org.gradle.api.internal.classpath.UnknownModuleException                        : loaded 2 times (x 78B)
Class org.gradle.api.internal.DefaultClassPathRegistry                                : loaded 2 times (x 72B)
Class org.gradle.api.internal.ClassPathRegistry                                       : loaded 2 times (x 66B)
Class org.gradle.internal.classpath.DefaultClassPath$ImmutableUniqueList              : loaded 2 times (x 195B)
Class org.gradle.internal.classloader.FilteringClassLoader                            : loaded 2 times (x 101B)
Class Settings_gradle$1                                                               : loaded 2 times (x 70B)
Class org.gradle.internal.classpath.ClassPath                                         : loaded 2 times (x 66B)
Class org.gradle.api.UncheckedIOException                                             : loaded 2 times (x 78B)
Class org.gradle.internal.installation.GradleInstallation$1                           : loaded 2 times (x 71B)
Class org.gradle.api.internal.classpath.ModuleRegistry                                : loaded 2 times (x 66B)
Class org.gradle.api.internal.classpath.DefaultModuleRegistry                         : loaded 2 times (x 82B)
Class org.gradle.internal.service.ServiceLookupException                              : loaded 2 times (x 78B)
Class org.gradle.internal.classloader.ClassLoaderFactory                              : loaded 2 times (x 66B)
Class org.gradle.internal.service.CachingServiceLocator                               : loaded 2 times (x 78B)
Class org.gradle.internal.classloader.ClasspathUtil                                   : loaded 2 times (x 67B)
Class org.gradle.api.specs.Spec                                                       : loaded 2 times (x 66B)
Class Build_gradle$1                                                                  : loaded 2 times (x 74B)
Class org.gradle.internal.classloader.VisitableURLClassLoader$InstrumentingVisitableURLClassLoader: loaded 2 times (x 119B)
Class org.gradle.internal.classloader.VisitableURLClassLoader$Spec                    : loaded 2 times (x 70B)
Class org.gradle.internal.classpath.DefaultClassPath                                  : loaded 2 times (x 86B)
Class org.gradle.internal.classloader.ClassLoaderSpec                                 : loaded 2 times (x 67B)
Class Settings_gradle$1$1                                                             : loaded 2 times (x 70B)
Class org.gradle.internal.classloader.VisitableURLClassLoader                         : loaded 2 times (x 113B)
Class Settings_gradle                                                                 : loaded 2 times (x 124B)
Class org.gradle.internal.Cast                                                        : loaded 2 times (x 67B)
Class org.gradle.api.Action                                                           : loaded 2 times (x 66B)
Class org.gradle.internal.classpath.DefaultClassPath$ImmutableUniqueList$Builder      : loaded 2 times (x 71B)
Class org.gradle.api.GradleException                                                  : loaded 2 times (x 78B)
Class org.gradle.internal.IoActions                                                   : loaded 2 times (x 67B)
Class org.gradle.internal.classloader.SystemClassLoaderSpec                           : loaded 2 times (x 67B)
Class org.gradle.api.internal.classpath.GlobalCacheRootsProvider                      : loaded 2 times (x 66B)
Class Build_gradle                                                                    : loaded 2 times (x 126B)
Class org.gradle.internal.installation.CurrentGradleInstallationLocator               : loaded 2 times (x 67B)
Class org.gradle.internal.service.DefaultServiceLocator                               : loaded 2 times (x 79B)
Class org.gradle.internal.installation.CurrentGradleInstallation                      : loaded 2 times (x 69B)
Class org.gradle.util.internal.GUtil                                                  : loaded 2 times (x 67B)
Class org.gradle.internal.installation.GradleInstallation                             : loaded 2 times (x 71B)

---------------  S Y S T E M  ---------------

OS:
 Windows 11 , 64 bit Build 26100 (10.0.26100.3912)
OS uptime: 4 days 0:08 hours

CPU: total 8 (initial active 8) (4 cores per cpu, 2 threads per core) family 6 model 140 stepping 1 microcode 0xaa, cx8, cmov, fxsr, ht, mmx, 3dnowpref, sse, sse2, sse3, ssse3, sse4.1, sse4.2, popcnt, lzcnt, tsc, tscinvbit, avx, avx2, aes, erms, clmul, bmi1, bmi2, adx, avx512f, avx512dq, avx512cd, avx512bw, avx512vl, sha, fma, vzeroupper, avx512_vpopcntdq, avx512_vpclmulqdq, avx512_vaes, avx512_vnni, clflush, clflushopt, clwb, avx512_vbmi2, avx512_vbmi, rdtscp, rdpid, fsrm, gfni, avx512_bitalg, f16c, pku, cet_ibt, cet_ss, avx512_ifma
Processor Information for all 8 processors :
  Max Mhz: 2803, Current Mhz: 2803, Mhz Limit: 2803

Memory: 4k page, system-wide physical 7975M (704M free)
TotalPageFile size 16167M (AvailPageFile size 5M)
current process WorkingSet (physical memory assigned to process): 341M, peak: 341M
current process commit charge ("private bytes"): 394M, peak: 396M

vm_info: OpenJDK 64-Bit Server VM (21.0.5+-13047016-b750.29) for windows-amd64 JRE (21.0.5+-13047016-b750.29), built on 2025-02-11T21:12:39Z by "builder" with MS VC++ 16.10 / 16.11 (VS2019)

END.
