#
# There is insufficient memory for the Java Runtime Environment to continue.
# Native memory allocation (mmap) failed to map 20971520 bytes. Error detail: G1 virtual space
# Possible reasons:
#   The system is out of physical RAM or swap space
#   This process is running with CompressedOops enabled, and the Java Heap may be blocking the growth of the native heap
# Possible solutions:
#   Reduce memory load on the system
#   Increase physical memory or swap space
#   Check if swap backing store is full
#   Decrease Java heap size (-Xmx/-Xms)
#   Decrease number of Java threads
#   Decrease Java thread stack sizes (-Xss)
#   Set larger code cache with -XX:ReservedCodeCacheSize=
#   JVM is running with Zero Based Compressed Oops mode in which the Java heap is
#     placed in the first 32GB address space. The Java Heap base address is the
#     maximum limit for the native heap growth. Please use -XX:HeapBaseMinAddress
#     to set the Java Heap base and to place the Java Heap above 32GB virtual address.
# This output file may be truncated or incomplete.
#
#  Out of Memory Error (os_windows.cpp:3828), pid=15224, tid=2448
#
# JRE version: OpenJDK Runtime Environment (21.0.5) (build 21.0.5+-13047016-b750.29)
# Java VM: OpenJDK 64-Bit Server VM (21.0.5+-13047016-b750.29, mixed mode, tiered, compressed oops, compressed class ptrs, g1 gc, windows-amd64)
# No core dump will be written. Minidumps are not enabled by default on client versions of Windows
#

---------------  S U M M A R Y ------------

Command Line: -XX:MaxMetaspaceSize=4G -XX:ReservedCodeCacheSize=512m -XX:+HeapDumpOnOutOfMemoryError --add-opens=java.base/java.util=ALL-UNNAMED --add-opens=java.base/java.lang=ALL-UNNAMED --add-opens=java.base/java.lang.invoke=ALL-UNNAMED --add-opens=java.prefs/java.util.prefs=ALL-UNNAMED --add-exports=jdk.compiler/com.sun.tools.javac.api=ALL-UNNAMED --add-exports=jdk.compiler/com.sun.tools.javac.util=ALL-UNNAMED --add-opens=java.base/java.nio.charset=ALL-UNNAMED --add-opens=java.base/java.net=ALL-UNNAMED --add-opens=java.base/java.util.concurrent.atomic=ALL-UNNAMED -Xmx8G -Dfile.encoding=UTF-8 -Duser.country=MX -Duser.language=es -Duser.variant -javaagent:C:\Users\luis3\.gradle\wrapper\dists\gradle-8.10.2-all\7iv73wktx1xtkvlq19urqw1wm\gradle-8.10.2\lib\agents\gradle-instrumentation-agent-8.10.2.jar org.gradle.launcher.daemon.bootstrap.GradleDaemon 8.10.2

Host: 11th Gen Intel(R) Core(TM) i7-1165G7 @ 2.80GHz, 8 cores, 7G,  Windows 11 , 64 bit Build 26100 (10.0.26100.3912)
Time: Wed May 21 14:16:17 2025 Hora estándar central (México) elapsed time: 5.901903 seconds (0d 0h 0m 5s)

---------------  T H R E A D  ---------------

Current thread (0x0000019db4bf06e0):  VMThread "VM Thread"          [id=2448, stack(0x0000000bf6600000,0x0000000bf6700000) (1024K)]

Stack: [0x0000000bf6600000,0x0000000bf6700000]
Native frames: (J=compiled Java code, j=interpreted, Vv=VM code, C=native code)
V  [jvm.dll+0x6cfb29]
V  [jvm.dll+0x85df93]
V  [jvm.dll+0x8604ee]
V  [jvm.dll+0x860bd3]
V  [jvm.dll+0x27e6b6]
V  [jvm.dll+0x6cc385]
V  [jvm.dll+0x6c078a]
V  [jvm.dll+0x35525b]
V  [jvm.dll+0x35ceb6]
V  [jvm.dll+0x3aedd6]
V  [jvm.dll+0x3af0a8]
V  [jvm.dll+0x32792c]
V  [jvm.dll+0x3279b7]
V  [jvm.dll+0x36d80c]
V  [jvm.dll+0x36bfbe]
V  [jvm.dll+0x327081]
V  [jvm.dll+0x36b6d0]
V  [jvm.dll+0x866958]
V  [jvm.dll+0x867cd4]
V  [jvm.dll+0x868210]
V  [jvm.dll+0x8684a3]
V  [jvm.dll+0x806368]
V  [jvm.dll+0x6ce3fd]
C  [ucrtbase.dll+0x37b0]
C  [KERNEL32.DLL+0x2e8d7]
C  [ntdll.dll+0x9c5dc]

VM_Operation (0x0000000bf7ff3e40): G1CollectForAllocation, mode: safepoint, requested by thread 0x0000019dbab6a250


---------------  P R O C E S S  ---------------

Threads class SMR info:
_java_thread_list=0x0000019dbe2e6240, length=34, elements={
0x0000019d826b8010, 0x0000019db4c5b250, 0x0000019db4c5dcb0, 0x0000019db4c3abd0,
0x0000019db4c3f640, 0x0000019db4c40090, 0x0000019db4c40c10, 0x0000019db4c71440,
0x0000019db4c47b80, 0x0000019db4d68250, 0x0000019db4f60f70, 0x0000019db9685e80,
0x0000019dbaa9c5c0, 0x0000019dbab404c0, 0x0000019dbab90f50, 0x0000019dbacbd220,
0x0000019dbacc4ca0, 0x0000019dbab64ed0, 0x0000019dbab6a250, 0x0000019dbaa59d90,
0x0000019dbaa60460, 0x0000019dbaa5fdd0, 0x0000019dbaa62530, 0x0000019dbaa60af0,
0x0000019dbaa61180, 0x0000019dbaa61ea0, 0x0000019dbaa62bc0, 0x0000019dbaa61810,
0x0000019dbaa5f740, 0x0000019dbcb28c70, 0x0000019dbcb26ba0, 0x0000019dbcb29300,
0x0000019dbcb27230, 0x0000019dbcb27f50
}

Java Threads: ( => current thread )
  0x0000019d826b8010 JavaThread "main"                              [_thread_blocked, id=16360, stack(0x0000000bf5f00000,0x0000000bf6000000) (1024K)]
  0x0000019db4c5b250 JavaThread "Reference Handler"          daemon [_thread_blocked, id=21020, stack(0x0000000bf6700000,0x0000000bf6800000) (1024K)]
  0x0000019db4c5dcb0 JavaThread "Finalizer"                  daemon [_thread_blocked, id=16356, stack(0x0000000bf6800000,0x0000000bf6900000) (1024K)]
  0x0000019db4c3abd0 JavaThread "Signal Dispatcher"          daemon [_thread_blocked, id=10612, stack(0x0000000bf6900000,0x0000000bf6a00000) (1024K)]
  0x0000019db4c3f640 JavaThread "Attach Listener"            daemon [_thread_blocked, id=2636, stack(0x0000000bf6a00000,0x0000000bf6b00000) (1024K)]
  0x0000019db4c40090 JavaThread "Service Thread"             daemon [_thread_blocked, id=16724, stack(0x0000000bf6b00000,0x0000000bf6c00000) (1024K)]
  0x0000019db4c40c10 JavaThread "Monitor Deflation Thread"   daemon [_thread_blocked, id=14984, stack(0x0000000bf6c00000,0x0000000bf6d00000) (1024K)]
  0x0000019db4c71440 JavaThread "C2 CompilerThread0"         daemon [_thread_blocked, id=16068, stack(0x0000000bf6d00000,0x0000000bf6e00000) (1024K)]
  0x0000019db4c47b80 JavaThread "C1 CompilerThread0"         daemon [_thread_blocked, id=20604, stack(0x0000000bf6e00000,0x0000000bf6f00000) (1024K)]
  0x0000019db4d68250 JavaThread "Common-Cleaner"             daemon [_thread_blocked, id=7564, stack(0x0000000bf6f00000,0x0000000bf7000000) (1024K)]
  0x0000019db4f60f70 JavaThread "Notification Thread"        daemon [_thread_blocked, id=16440, stack(0x0000000bf7000000,0x0000000bf7100000) (1024K)]
  0x0000019db9685e80 JavaThread "C2 CompilerThread1"         daemon [_thread_blocked, id=14296, stack(0x0000000bf7300000,0x0000000bf7400000) (1024K)]
  0x0000019dbaa9c5c0 JavaThread "Daemon health stats"               [_thread_blocked, id=5928, stack(0x0000000bf7600000,0x0000000bf7700000) (1024K)]
  0x0000019dbab404c0 JavaThread "Incoming local TCP Connector on port 62677"        [_thread_in_native, id=10588, stack(0x0000000bf7a00000,0x0000000bf7b00000) (1024K)]
  0x0000019dbab90f50 JavaThread "Daemon periodic checks"            [_thread_blocked, id=14640, stack(0x0000000bf7b00000,0x0000000bf7c00000) (1024K)]
  0x0000019dbacbd220 JavaThread "Daemon"                            [_thread_blocked, id=20644, stack(0x0000000bf7c00000,0x0000000bf7d00000) (1024K)]
  0x0000019dbacc4ca0 JavaThread "Handler for socket connection from /127.0.0.1:62677 to /127.0.0.1:62678"        [_thread_in_native, id=19600, stack(0x0000000bf7d00000,0x0000000bf7e00000) (1024K)]
  0x0000019dbab64ed0 JavaThread "Cancel handler"                    [_thread_blocked, id=21808, stack(0x0000000bf7e00000,0x0000000bf7f00000) (1024K)]
  0x0000019dbab6a250 JavaThread "Daemon worker"                     [_thread_blocked, id=21448, stack(0x0000000bf7f00000,0x0000000bf8000000) (1024K)]
  0x0000019dbaa59d90 JavaThread "Asynchronous log dispatcher for DefaultDaemonConnection: socket connection from /127.0.0.1:62677 to /127.0.0.1:62678"        [_thread_blocked, id=16308, stack(0x0000000bf8000000,0x0000000bf8100000) (1024K)]
  0x0000019dbaa60460 JavaThread "Stdin handler"                     [_thread_blocked, id=11820, stack(0x0000000bf8100000,0x0000000bf8200000) (1024K)]
  0x0000019dbaa5fdd0 JavaThread "Daemon client event forwarder"        [_thread_blocked, id=17048, stack(0x0000000bf8200000,0x0000000bf8300000) (1024K)]
  0x0000019dbaa62530 JavaThread "Cache worker for journal cache (C:\Users\luis3\.gradle\caches\journal-1)"        [_thread_blocked, id=18252, stack(0x0000000bf8400000,0x0000000bf8500000) (1024K)]
  0x0000019dbaa60af0 JavaThread "File lock request listener"        [_thread_in_native, id=20440, stack(0x0000000bf8500000,0x0000000bf8600000) (1024K)]
  0x0000019dbaa61180 JavaThread "Cache worker for file hash cache (C:\Users\luis3\.gradle\caches\8.10.2\fileHashes)"        [_thread_blocked, id=20428, stack(0x0000000bf8600000,0x0000000bf8700000) (1024K)]
  0x0000019dbaa61ea0 JavaThread "Cache worker for file hash cache (C:\Users\luis3\AndroidStudioProjects\proyectofinal\android\.gradle\8.10.2\fileHashes)"        [_thread_blocked, id=19452, stack(0x0000000bf8700000,0x0000000bf8800000) (1024K)]
  0x0000019dbaa62bc0 JavaThread "Cache worker for Build Output Cleanup Cache (C:\Users\luis3\AndroidStudioProjects\proyectofinal\android\.gradle\buildOutputCleanup)"        [_thread_blocked, id=21588, stack(0x0000000bf8800000,0x0000000bf8900000) (1024K)]
  0x0000019dbaa61810 JavaThread "File watcher server"        daemon [_thread_in_native, id=15248, stack(0x0000000bf8900000,0x0000000bf8a00000) (1024K)]
  0x0000019dbaa5f740 JavaThread "File watcher consumer"      daemon [_thread_blocked, id=21456, stack(0x0000000bf8a00000,0x0000000bf8b00000) (1024K)]
  0x0000019dbcb28c70 JavaThread "Cache worker for checksums cache (C:\Users\luis3\AndroidStudioProjects\proyectofinal\android\.gradle\8.10.2\checksums)"        [_thread_blocked, id=20196, stack(0x0000000bf8b00000,0x0000000bf8c00000) (1024K)]
  0x0000019dbcb26ba0 JavaThread "Cache worker for file content cache (C:\Users\luis3\.gradle\caches\8.10.2\fileContent)"        [_thread_blocked, id=7996, stack(0x0000000bf8c00000,0x0000000bf8d00000) (1024K)]
  0x0000019dbcb29300 JavaThread "Cache worker for cache directory md-rule (C:\Users\luis3\.gradle\caches\8.10.2\md-rule)"        [_thread_blocked, id=14524, stack(0x0000000bf8d00000,0x0000000bf8e00000) (1024K)]
  0x0000019dbcb27230 JavaThread "Cache worker for cache directory md-supplier (C:\Users\luis3\.gradle\caches\8.10.2\md-supplier)"        [_thread_blocked, id=10936, stack(0x0000000bf8e00000,0x0000000bf8f00000) (1024K)]
  0x0000019dbcb27f50 JavaThread "Cache worker for Build Output Cleanup Cache (C:\flutter\packages\flutter_tools\gradle\.gradle\buildOutputCleanup)"        [_thread_blocked, id=13376, stack(0x0000000bf8f00000,0x0000000bf9000000) (1024K)]
Total: 34

Other Threads:
=>0x0000019db4bf06e0 VMThread "VM Thread"                           [id=2448, stack(0x0000000bf6600000,0x0000000bf6700000) (1024K)]
  0x0000019db42b7bb0 WatcherThread "VM Periodic Task Thread"        [id=21016, stack(0x0000000bf6500000,0x0000000bf6600000) (1024K)]
  0x0000019d84a071e0 WorkerThread "GC Thread#0"                     [id=17752, stack(0x0000000bf6000000,0x0000000bf6100000) (1024K)]
  0x0000019db957b820 WorkerThread "GC Thread#1"                     [id=12272, stack(0x0000000bf7100000,0x0000000bf7200000) (1024K)]
  0x0000019db957bbc0 WorkerThread "GC Thread#2"                     [id=15036, stack(0x0000000bf7200000,0x0000000bf7300000) (1024K)]
  0x0000019db9cdf870 WorkerThread "GC Thread#3"                     [id=14068, stack(0x0000000bf7400000,0x0000000bf7500000) (1024K)]
  0x0000019db9ce0890 WorkerThread "GC Thread#4"                     [id=13420, stack(0x0000000bf7500000,0x0000000bf7600000) (1024K)]
  0x0000019dbaa960f0 WorkerThread "GC Thread#5"                     [id=9140, stack(0x0000000bf7700000,0x0000000bf7800000) (1024K)]
  0x0000019dbab11750 WorkerThread "GC Thread#6"                     [id=13744, stack(0x0000000bf7800000,0x0000000bf7900000) (1024K)]
  0x0000019dbab1f370 WorkerThread "GC Thread#7"                     [id=21148, stack(0x0000000bf7900000,0x0000000bf7a00000) (1024K)]
  0x0000019d84a180d0 ConcurrentGCThread "G1 Main Marker"            [id=7148, stack(0x0000000bf6100000,0x0000000bf6200000) (1024K)]
  0x0000019d84a19920 WorkerThread "G1 Conc#0"                       [id=12628, stack(0x0000000bf6200000,0x0000000bf6300000) (1024K)]
  0x0000019dbaceb010 WorkerThread "G1 Conc#1"                       [id=5884, stack(0x0000000bf8300000,0x0000000bf8400000) (1024K)]
  0x0000019db4186090 ConcurrentGCThread "G1 Refine#0"               [id=7836, stack(0x0000000bf6300000,0x0000000bf6400000) (1024K)]
  0x0000019db4186b10 ConcurrentGCThread "G1 Service"                [id=17364, stack(0x0000000bf6400000,0x0000000bf6500000) (1024K)]
Total: 15

Threads with active compile tasks:
C2 CompilerThread0  5954 5008       4       java.util.HashMap::computeIfAbsent (330 bytes)
C2 CompilerThread1  5954 4919       4       java.lang.invoke.InvokerBytecodeGenerator::addMethod (725 bytes)
Total: 2

VM state: at safepoint (normal execution)

VM Mutex/Monitor currently owned by a thread:  ([mutex/lock_event])
[0x00007ffa978ad360] Threads_lock - owner thread: 0x0000019db4bf06e0
[0x00007ffa978ad460] Heap_lock - owner thread: 0x0000019dbab6a250

Heap address: 0x0000000600000000, size: 8192 MB, Compressed Oops mode: Zero based, Oop shift amount: 3

CDS archive(s) not mapped
Compressed class space mapped at: 0x0000000800000000-0x0000000840000000, reserved size: 1073741824
Narrow klass base: 0x0000000800000000, Narrow klass shift: 0, Narrow klass range: 0x40000000

GC Precious Log:
 CardTable entry size: 512
 Card Set container configuration: InlinePtr #cards 4 size 8 Array Of Cards #cards 32 size 80 Howl #buckets 8 coarsen threshold 7372 Howl Bitmap #cards 1024 size 144 coarsen threshold 921 Card regions per heap region 1 cards per card region 8192
 CPUs: 8 total, 8 available
 Memory: 7975M
 Large Page Support: Disabled
 NUMA Support: Disabled
 Compressed Oops: Enabled (Zero based)
 Heap Region Size: 4M
 Heap Min Capacity: 8M
 Heap Initial Capacity: 128M
 Heap Max Capacity: 8G
 Pre-touch: Disabled
 Parallel Workers: 8
 Concurrent Workers: 2
 Concurrent Refinement Workers: 8
 Periodic GC: Disabled

Heap:
 garbage-first heap   total 90112K, used 37984K [0x0000000600000000, 0x0000000800000000)
  region size 4096K, 2 young (8192K), 2 survivors (8192K)
 Metaspace       used 55530K, committed 57152K, reserved 1114112K
  class space    used 7577K, committed 8384K, reserved 1048576K

Heap Regions: E=young(eden), S=young(survivor), O=old, HS=humongous(starts), HC=humongous(continues), CS=collection set, F=free, TAMS=top-at-mark-start, PB=parsable bottom
|   0|0x0000000600000000, 0x0000000600400000, 0x0000000600400000|100%|HS|  |TAMS 0x0000000600000000| PB 0x0000000600000000| Complete 
|   1|0x0000000600400000, 0x0000000600800000, 0x0000000600800000|100%| O|  |TAMS 0x0000000600400000| PB 0x0000000600400000| Untracked 
|   2|0x0000000600800000, 0x0000000600c00000, 0x0000000600c00000|100%| O|  |TAMS 0x0000000600800000| PB 0x0000000600800000| Untracked 
|   3|0x0000000600c00000, 0x0000000601000000, 0x0000000601000000|100%| O|  |TAMS 0x0000000600c00000| PB 0x0000000600c00000| Untracked 
|   4|0x0000000601000000, 0x0000000601400000, 0x0000000601400000|100%| O|  |TAMS 0x0000000601000000| PB 0x0000000601000000| Untracked 
|   5|0x0000000601400000, 0x0000000601800000, 0x0000000601800000|100%| O|  |TAMS 0x0000000601400000| PB 0x0000000601400000| Untracked 
|   6|0x0000000601800000, 0x0000000601c00000, 0x0000000601c00000|100%| O|  |TAMS 0x0000000601800000| PB 0x0000000601800000| Untracked 
|   7|0x0000000601c00000, 0x0000000601f36db8, 0x0000000602000000| 80%| O|  |TAMS 0x0000000601c00000| PB 0x0000000601c00000| Untracked 
|   8|0x0000000602000000, 0x0000000602000000, 0x0000000602400000|  0%| F|  |TAMS 0x0000000602000000| PB 0x0000000602000000| Untracked 
|   9|0x0000000602400000, 0x0000000602400000, 0x0000000602800000|  0%| F|  |TAMS 0x0000000602400000| PB 0x0000000602400000| Untracked 
|  10|0x0000000602800000, 0x00000006029e1620, 0x0000000602c00000| 47%| S|CS|TAMS 0x0000000602800000| PB 0x0000000602800000| Complete 
|  11|0x0000000602c00000, 0x0000000602c00000, 0x0000000603000000|  0%| F|  |TAMS 0x0000000602c00000| PB 0x0000000602c00000| Untracked 
|  12|0x0000000603000000, 0x0000000603400000, 0x0000000603400000|100%| S|CS|TAMS 0x0000000603000000| PB 0x0000000603000000| Complete 
|  13|0x0000000603400000, 0x0000000603400000, 0x0000000603800000|  0%| F|  |TAMS 0x0000000603400000| PB 0x0000000603400000| Untracked 
|  14|0x0000000603800000, 0x0000000603800000, 0x0000000603c00000|  0%| F|  |TAMS 0x0000000603800000| PB 0x0000000603800000| Untracked 
|  15|0x0000000603c00000, 0x0000000603c00000, 0x0000000604000000|  0%| F|  |TAMS 0x0000000603c00000| PB 0x0000000603c00000| Untracked 
|  16|0x0000000604000000, 0x0000000604000000, 0x0000000604400000|  0%| F|  |TAMS 0x0000000604000000| PB 0x0000000604000000| Untracked 
|  17|0x0000000604400000, 0x0000000604400000, 0x0000000604800000|  0%| F|  |TAMS 0x0000000604400000| PB 0x0000000604400000| Untracked 
|  18|0x0000000604800000, 0x0000000604800000, 0x0000000604c00000|  0%| F|  |TAMS 0x0000000604800000| PB 0x0000000604800000| Untracked 
|  19|0x0000000604c00000, 0x0000000604c00000, 0x0000000605000000|  0%| F|  |TAMS 0x0000000604c00000| PB 0x0000000604c00000| Untracked 
|  26|0x0000000606800000, 0x0000000606800000, 0x0000000606c00000|  0%| F|  |TAMS 0x0000000606800000| PB 0x0000000606800000| Untracked 
|  31|0x0000000607c00000, 0x0000000607c00000, 0x0000000608000000|  0%| F|  |TAMS 0x0000000607c00000| PB 0x0000000607c00000| Untracked 

Card table byte_map: [0x0000019da9000000,0x0000019daa000000] _byte_map_base: 0x0000019da6000000

Marking Bits: (CMBitMap*) 0x0000019d84a077f0
 Bits: [0x0000019daa000000, 0x0000019db2000000)

Polling page: 0x0000019d84030000

Metaspace:

Usage:
  Non-class:     46.83 MB used.
      Class:      7.40 MB used.
       Both:     54.23 MB used.

Virtual space:
  Non-class space:       64.00 MB reserved,      47.62 MB ( 74%) committed,  1 nodes.
      Class space:        1.00 GB reserved,       8.19 MB ( <1%) committed,  1 nodes.
             Both:        1.06 GB reserved,      55.81 MB (  5%) committed. 

Chunk freelists:
   Non-Class:  224.00 KB
       Class:  7.66 MB
        Both:  7.88 MB

MaxMetaspaceSize: 4.00 GB
CompressedClassSpaceSize: 1.00 GB
Initial GC threshold: 21.00 MB
Current GC threshold: 59.62 MB
CDS: off
 - commit_granule_bytes: 65536.
 - commit_granule_words: 8192.
 - virtual_space_node_default_size: 8388608.
 - enlarge_chunks_in_place: 1.
 - use_allocation_guard: 0.


Internal statistics:

num_allocs_failed_limit: 9.
num_arena_births: 2944.
num_arena_deaths: 0.
num_vsnodes_births: 2.
num_vsnodes_deaths: 0.
num_space_committed: 893.
num_space_uncommitted: 0.
num_chunks_returned_to_freelist: 9.
num_chunks_taken_from_freelist: 5149.
num_chunk_merges: 9.
num_chunk_splits: 3343.
num_chunks_enlarged: 2058.
num_inconsistent_stats: 0.

CodeHeap 'non-profiled nmethods': size=259264Kb used=2870Kb max_used=2870Kb free=256393Kb
 bounds [0x0000019d97d80000, 0x0000019d98050000, 0x0000019da7ab0000]
CodeHeap 'profiled nmethods': size=259264Kb used=8931Kb max_used=8931Kb free=250332Kb
 bounds [0x0000019d87ab0000, 0x0000019d88370000, 0x0000019d977e0000]
CodeHeap 'non-nmethods': size=5760Kb used=2128Kb max_used=2171Kb free=3631Kb
 bounds [0x0000019d977e0000, 0x0000019d97a50000, 0x0000019d97d80000]
 total_blobs=5317 nmethods=4609 adapters=612
 compilation: enabled
              stopped_count=0, restarted_count=0
 full_count=0

Compilation events (20 events):
Event: 4.815 Thread 0x0000019db4c71440 nmethod 4991 0x0000019d9804a990 code [0x0000019d9804abe0, 0x0000019d9804b5f0]
Event: 4.815 Thread 0x0000019db4c71440 4995       4       org.objectweb.asm.Frame::merge (322 bytes)
Event: 4.816 Thread 0x0000019db4c71440 nmethod 4995 0x0000019d9804c490 code [0x0000019d9804c640, 0x0000019d9804c8d0]
Event: 4.816 Thread 0x0000019db4c71440 4993       4       org.objectweb.asm.SymbolTable::addConstantMethodref (24 bytes)
Event: 4.817 Thread 0x0000019db4c71440 nmethod 4993 0x0000019d9804cb10 code [0x0000019d9804cca0, 0x0000019d9804cd70]
Event: 4.818 Thread 0x0000019db4c47b80 5001       3       java.lang.invoke.SimpleMethodHandle::speciesData (4 bytes)
Event: 4.819 Thread 0x0000019db4c47b80 nmethod 5001 0x0000019d88366090 code [0x0000019d88366220, 0x0000019d88366338]
Event: 4.820 Thread 0x0000019db4c47b80 5002       3       java.lang.invoke.MethodHandles::makeIdentity (23 bytes)
Event: 4.820 Thread 0x0000019db4c71440 5005       4       jdk.internal.org.objectweb.asm.MethodWriter::endCurrentBasicBlockWithNoSuccessor (94 bytes)
Event: 4.820 Thread 0x0000019db4c47b80 nmethod 5002 0x0000019d88366410 code [0x0000019d883666a0, 0x0000019d88367080]
Event: 4.820 Thread 0x0000019db4c47b80 5003       3       java.lang.invoke.LambdaForm::identityForm (27 bytes)
Event: 4.820 Thread 0x0000019db4c47b80 nmethod 5003 0x0000019d88367490 code [0x0000019d88367640, 0x0000019d88367820]
Event: 4.820 Thread 0x0000019db4c47b80 5004       3       java.lang.invoke.MethodHandleImpl::makeIntrinsic (14 bytes)
Event: 4.821 Thread 0x0000019db4c47b80 nmethod 5004 0x0000019d88367910 code [0x0000019d88367b20, 0x0000019d88368228]
Event: 4.821 Thread 0x0000019db4c47b80 5006       3       org.gradle.internal.event.BroadcastDispatch$SingletonDispatch::dispatch (9 bytes)
Event: 4.821 Thread 0x0000019db4c47b80 nmethod 5006 0x0000019d88368490 code [0x0000019d88368640, 0x0000019d88368968]
Event: 4.821 Thread 0x0000019db4c47b80 5007       3       org.gradle.internal.event.BroadcastDispatch$SingletonDispatch::dispatch (10 bytes)
Event: 4.821 Thread 0x0000019db4c47b80 nmethod 5007 0x0000019d88368a90 code [0x0000019d88368c40, 0x0000019d88368e08]
Event: 4.828 Thread 0x0000019db4c71440 nmethod 5005 0x0000019d9804ce10 code [0x0000019d9804cfe0, 0x0000019d9804d798]
Event: 4.828 Thread 0x0000019db4c71440 5008       4       java.util.HashMap::computeIfAbsent (330 bytes)

GC Heap History (20 events):
Event: 0.845 GC heap after
{Heap after GC invocations=2 (full 0):
 garbage-first heap   total 131072K, used 11648K [0x0000000600000000, 0x0000000800000000)
  region size 4096K, 2 young (8192K), 2 survivors (8192K)
 Metaspace       used 12163K, committed 12352K, reserved 1114112K
  class space    used 1279K, committed 1408K, reserved 1048576K
}
Event: 1.471 GC heap before
{Heap before GC invocations=2 (full 0):
 garbage-first heap   total 131072K, used 60800K [0x0000000600000000, 0x0000000800000000)
  region size 4096K, 14 young (57344K), 2 survivors (8192K)
 Metaspace       used 16780K, committed 17024K, reserved 1114112K
  class space    used 1878K, committed 1984K, reserved 1048576K
}
Event: 1.478 GC heap after
{Heap after GC invocations=3 (full 0):
 garbage-first heap   total 131072K, used 18708K [0x0000000600000000, 0x0000000800000000)
  region size 4096K, 2 young (8192K), 2 survivors (8192K)
 Metaspace       used 16780K, committed 17024K, reserved 1114112K
  class space    used 1878K, committed 1984K, reserved 1048576K
}
Event: 1.775 GC heap before
{Heap before GC invocations=3 (full 0):
 garbage-first heap   total 131072K, used 35092K [0x0000000600000000, 0x0000000800000000)
  region size 4096K, 7 young (28672K), 2 survivors (8192K)
 Metaspace       used 21227K, committed 21504K, reserved 1114112K
  class space    used 2463K, committed 2624K, reserved 1048576K
}
Event: 1.779 GC heap after
{Heap after GC invocations=4 (full 0):
 garbage-first heap   total 131072K, used 20518K [0x0000000600000000, 0x0000000800000000)
  region size 4096K, 1 young (4096K), 1 survivors (4096K)
 Metaspace       used 21227K, committed 21504K, reserved 1114112K
  class space    used 2463K, committed 2624K, reserved 1048576K
}
Event: 2.538 GC heap before
{Heap before GC invocations=5 (full 0):
 garbage-first heap   total 81920K, used 77862K [0x0000000600000000, 0x0000000800000000)
  region size 4096K, 15 young (61440K), 1 survivors (4096K)
 Metaspace       used 29897K, committed 30528K, reserved 1114112K
  class space    used 3849K, committed 4160K, reserved 1048576K
}
Event: 2.543 GC heap after
{Heap after GC invocations=6 (full 0):
 garbage-first heap   total 90112K, used 23636K [0x0000000600000000, 0x0000000800000000)
  region size 4096K, 2 young (8192K), 2 survivors (8192K)
 Metaspace       used 29897K, committed 30528K, reserved 1114112K
  class space    used 3849K, committed 4160K, reserved 1048576K
}
Event: 2.991 GC heap before
{Heap before GC invocations=6 (full 0):
 garbage-first heap   total 90112K, used 60500K [0x0000000600000000, 0x0000000800000000)
  region size 4096K, 12 young (49152K), 2 survivors (8192K)
 Metaspace       used 35250K, committed 36096K, reserved 1114112K
  class space    used 4748K, committed 5120K, reserved 1048576K
}
Event: 2.995 GC heap after
{Heap after GC invocations=7 (full 0):
 garbage-first heap   total 90112K, used 25603K [0x0000000600000000, 0x0000000800000000)
  region size 4096K, 2 young (8192K), 2 survivors (8192K)
 Metaspace       used 35250K, committed 36096K, reserved 1114112K
  class space    used 4748K, committed 5120K, reserved 1048576K
}
Event: 3.022 GC heap before
{Heap before GC invocations=7 (full 0):
 garbage-first heap   total 90112K, used 25603K [0x0000000600000000, 0x0000000800000000)
  region size 4096K, 3 young (12288K), 2 survivors (8192K)
 Metaspace       used 35530K, committed 36416K, reserved 1114112K
  class space    used 4798K, committed 5248K, reserved 1048576K
}
Event: 3.025 GC heap after
{Heap after GC invocations=8 (full 0):
 garbage-first heap   total 90112K, used 25814K [0x0000000600000000, 0x0000000800000000)
  region size 4096K, 1 young (4096K), 1 survivors (4096K)
 Metaspace       used 35530K, committed 36416K, reserved 1114112K
  class space    used 4798K, committed 5248K, reserved 1048576K
}
Event: 3.643 GC heap before
{Heap before GC invocations=9 (full 0):
 garbage-first heap   total 90112K, used 66774K [0x0000000600000000, 0x0000000800000000)
  region size 4096K, 12 young (49152K), 1 survivors (4096K)
 Metaspace       used 44095K, committed 45248K, reserved 1114112K
  class space    used 5904K, committed 6464K, reserved 1048576K
}
Event: 3.647 GC heap after
{Heap after GC invocations=10 (full 0):
 garbage-first heap   total 90112K, used 30211K [0x0000000600000000, 0x0000000800000000)
  region size 4096K, 2 young (8192K), 2 survivors (8192K)
 Metaspace       used 44095K, committed 45248K, reserved 1114112K
  class space    used 5904K, committed 6464K, reserved 1048576K
}
Event: 3.868 GC heap before
{Heap before GC invocations=10 (full 0):
 garbage-first heap   total 90112K, used 71171K [0x0000000600000000, 0x0000000800000000)
  region size 4096K, 12 young (49152K), 2 survivors (8192K)
 Metaspace       used 46232K, committed 47488K, reserved 1114112K
  class space    used 6159K, committed 6784K, reserved 1048576K
}
Event: 3.872 GC heap after
{Heap after GC invocations=11 (full 0):
 garbage-first heap   total 90112K, used 32544K [0x0000000600000000, 0x0000000800000000)
  region size 4096K, 2 young (8192K), 2 survivors (8192K)
 Metaspace       used 46232K, committed 47488K, reserved 1114112K
  class space    used 6159K, committed 6784K, reserved 1048576K
}
Event: 4.202 GC heap before
{Heap before GC invocations=11 (full 0):
 garbage-first heap   total 90112K, used 69408K [0x0000000600000000, 0x0000000800000000)
  region size 4096K, 11 young (45056K), 2 survivors (8192K)
 Metaspace       used 49672K, committed 51072K, reserved 1114112K
  class space    used 6711K, committed 7424K, reserved 1048576K
}
Event: 4.207 GC heap after
{Heap after GC invocations=12 (full 0):
 garbage-first heap   total 90112K, used 34794K [0x0000000600000000, 0x0000000800000000)
  region size 4096K, 2 young (8192K), 2 survivors (8192K)
 Metaspace       used 49672K, committed 51072K, reserved 1114112K
  class space    used 6711K, committed 7424K, reserved 1048576K
}
Event: 4.418 GC heap before
{Heap before GC invocations=12 (full 0):
 garbage-first heap   total 90112K, used 67562K [0x0000000600000000, 0x0000000800000000)
  region size 4096K, 10 young (40960K), 2 survivors (8192K)
 Metaspace       used 51555K, committed 53120K, reserved 1114112K
  class space    used 7004K, committed 7744K, reserved 1048576K
}
Event: 4.421 GC heap after
{Heap after GC invocations=13 (full 0):
 garbage-first heap   total 90112K, used 36179K [0x0000000600000000, 0x0000000800000000)
  region size 4096K, 2 young (8192K), 2 survivors (8192K)
 Metaspace       used 51555K, committed 53120K, reserved 1114112K
  class space    used 7004K, committed 7744K, reserved 1048576K
}
Event: 4.829 GC heap before
{Heap before GC invocations=13 (full 0):
 garbage-first heap   total 90112K, used 68947K [0x0000000600000000, 0x0000000800000000)
  region size 4096K, 10 young (40960K), 2 survivors (8192K)
 Metaspace       used 55530K, committed 57152K, reserved 1114112K
  class space    used 7577K, committed 8384K, reserved 1048576K
}

Dll operation events (3 events):
Event: 0.010 Loaded shared library C:\Program Files\Android\Android Studio1\jbr\bin\java.dll
Event: 0.015 Loaded shared library C:\Program Files\Android\Android Studio1\jbr\bin\zip.dll
Event: 0.392 Loaded shared library C:\Program Files\Android\Android Studio1\jbr\bin\verify.dll

Deoptimization events (20 events):
Event: 4.712 Thread 0x0000019dbab6a250 Uncommon trap: trap_request=0xffffff45 fr.pc=0x0000019d97dfbc08 relative=0x0000000000000348
Event: 4.712 Thread 0x0000019dbab6a250 Uncommon trap: reason=unstable_if action=reinterpret pc=0x0000019d97dfbc08 method=java.net.URI$Parser.scan(IILjava/lang/String;)I @ 26 c2
Event: 4.712 Thread 0x0000019dbab6a250 DEOPT PACKING pc=0x0000019d97dfbc08 sp=0x0000000bf7ff6fb0
Event: 4.712 Thread 0x0000019dbab6a250 DEOPT UNPACKING pc=0x0000019d97837da2 sp=0x0000000bf7ff6f40 mode 2
Event: 4.712 Thread 0x0000019dbab6a250 Uncommon trap: trap_request=0xffffff45 fr.pc=0x0000019d97dfa534 relative=0x0000000000000174
Event: 4.712 Thread 0x0000019dbab6a250 Uncommon trap: reason=unstable_if action=reinterpret pc=0x0000019d97dfa534 method=java.net.URI.match(CJJ)Z @ 45 c2
Event: 4.712 Thread 0x0000019dbab6a250 DEOPT PACKING pc=0x0000019d97dfa534 sp=0x0000000bf7ff6d20
Event: 4.712 Thread 0x0000019dbab6a250 DEOPT UNPACKING pc=0x0000019d97837da2 sp=0x0000000bf7ff6c48 mode 2
Event: 4.712 Thread 0x0000019dbab6a250 Uncommon trap: trap_request=0xffffff45 fr.pc=0x0000019d97db40f8 relative=0x0000000000000058
Event: 4.712 Thread 0x0000019dbab6a250 Uncommon trap: reason=unstable_if action=reinterpret pc=0x0000019d97db40f8 method=java.net.URI.match(CJJ)Z @ 19 c2
Event: 4.712 Thread 0x0000019dbab6a250 DEOPT PACKING pc=0x0000019d97db40f8 sp=0x0000000bf7ff6d30
Event: 4.712 Thread 0x0000019dbab6a250 DEOPT UNPACKING pc=0x0000019d97837da2 sp=0x0000000bf7ff6cc0 mode 2
Event: 4.763 Thread 0x0000019dbab6a250 Uncommon trap: trap_request=0xffffffde fr.pc=0x0000019d97fd1b10 relative=0x0000000000000070
Event: 4.763 Thread 0x0000019dbab6a250 Uncommon trap: reason=class_check action=maybe_recompile pc=0x0000019d97fd1b10 method=java.util.stream.StreamOpFlag.fromCharacteristics(Ljava/util/Spliterator;)I @ 14 c2
Event: 4.763 Thread 0x0000019dbab6a250 DEOPT PACKING pc=0x0000019d97fd1b10 sp=0x0000000bf7ff68f0
Event: 4.763 Thread 0x0000019dbab6a250 DEOPT UNPACKING pc=0x0000019d97837da2 sp=0x0000000bf7ff6888 mode 2
Event: 4.778 Thread 0x0000019dbab6a250 Uncommon trap: trap_request=0xffffffde fr.pc=0x0000019d97fd1b10 relative=0x0000000000000070
Event: 4.778 Thread 0x0000019dbab6a250 Uncommon trap: reason=class_check action=maybe_recompile pc=0x0000019d97fd1b10 method=java.util.stream.StreamOpFlag.fromCharacteristics(Ljava/util/Spliterator;)I @ 14 c2
Event: 4.778 Thread 0x0000019dbab6a250 DEOPT PACKING pc=0x0000019d97fd1b10 sp=0x0000000bf7ff6a30
Event: 4.778 Thread 0x0000019dbab6a250 DEOPT UNPACKING pc=0x0000019d97837da2 sp=0x0000000bf7ff69c8 mode 2

Classes loaded (20 events):
Event: 4.717 Loading class javax/net/ssl/TrustManager
Event: 4.717 Loading class javax/net/ssl/TrustManager done
Event: 4.717 Loading class javax/net/ssl/X509TrustManager
Event: 4.717 Loading class javax/net/ssl/X509TrustManager done
Event: 4.719 Loading class javax/net/ssl/SSLException
Event: 4.719 Loading class javax/net/ssl/SSLException done
Event: 4.719 Loading class javax/net/ssl/SSLPeerUnverifiedException
Event: 4.719 Loading class javax/net/ssl/SSLPeerUnverifiedException done
Event: 4.719 Loading class java/security/cert/CertificateParsingException
Event: 4.719 Loading class java/security/cert/CertificateException
Event: 4.719 Loading class java/security/cert/CertificateException done
Event: 4.719 Loading class java/security/cert/CertificateParsingException done
Event: 4.719 Loading class javax/naming/NamingException
Event: 4.720 Loading class javax/naming/NamingException done
Event: 4.720 Loading class javax/naming/InvalidNameException
Event: 4.720 Loading class javax/naming/InvalidNameException done
Event: 4.826 Loading class java/io/DeleteOnExitHook
Event: 4.826 Loading class java/io/DeleteOnExitHook done
Event: 4.826 Loading class java/io/DeleteOnExitHook$1
Event: 4.826 Loading class java/io/DeleteOnExitHook$1 done

Classes unloaded (0 events):
No events

Classes redefined (0 events):
No events

Internal exceptions (20 events):
Event: 4.163 Thread 0x0000019dbab6a250 Exception <a 'java/lang/NoSuchMethodError'{0x0000000603bbe8a8}: 'java.lang.Object java.lang.invoke.DirectMethodHandle$Holder.newInvokeSpecial(java.lang.Object, java.lang.Object, java.lang.Object, java.lang.Object, java.lang.Object, java.lang.Object, java.lang.Object, java.lang.Object, java.lang.Object, java.lang.Object, java.lang.Object, java.lang.Object, java.lang.Object, java.lang.Object, java.lang.Object, java.lang.Object, java.lang.Object, java.lang.Object, java.lang.Object, java.lang.Object, java.lang
Event: 4.187 Thread 0x0000019dbab6a250 Implicit null exception at 0x0000019d97e149fc to 0x0000019d97e14ab4
Event: 4.269 Thread 0x0000019dbab6a250 Exception <a 'java/lang/NoSuchMethodError'{0x0000000606a93448}: 'java.lang.Object java.lang.invoke.DirectMethodHandle$Holder.newInvokeSpecial(java.lang.Object, java.lang.Object, java.lang.Object, java.lang.Object, java.lang.Object, java.lang.Object, java.lang.Object, java.lang.Object, java.lang.Object, java.lang.Object, java.lang.Object, java.lang.Object, java.lang.Object, java.lang.Object, java.lang.Object, java.lang.Object, java.lang.Object, java.lang.Object, java.lang.Object)'> (0x0000000606a93448) 
thr
Event: 4.269 Thread 0x0000019dbab6a250 Exception <a 'java/lang/NoSuchMethodError'{0x0000000606a99dd0}: 'java.lang.Object java.lang.invoke.DirectMethodHandle$Holder.invokeSpecial(java.lang.Object, java.lang.Object, java.lang.Object, java.lang.Object, java.lang.Object, java.lang.Object, java.lang.Object, java.lang.Object, java.lang.Object, java.lang.Object, java.lang.Object, java.lang.Object, java.lang.Object, java.lang.Object, java.lang.Object, java.lang.Object, java.lang.Object, java.lang.Object, java.lang.Object, java.lang.Object)'> (0x0000000
Event: 4.269 Thread 0x0000019dbab6a250 Exception <a 'java/lang/NoSuchMethodError'{0x0000000606a9f620}: 'java.lang.Object java.lang.invoke.DelegatingMethodHandle$Holder.reinvoke_L(java.lang.Object, java.lang.Object, java.lang.Object, java.lang.Object, java.lang.Object, java.lang.Object, java.lang.Object, java.lang.Object, java.lang.Object, java.lang.Object, java.lang.Object, java.lang.Object, java.lang.Object, java.lang.Object, java.lang.Object, java.lang.Object, java.lang.Object, java.lang.Object, java.lang.Object)'> (0x0000000606a9f620) 
throw
Event: 4.279 Thread 0x0000019dbab6a250 Exception <a 'java/lang/NoSuchMethodError'{0x0000000606b88de8}: 'void java.lang.invoke.DirectMethodHandle$Holder.invokeStatic(java.lang.Object, java.lang.Object, java.lang.Object, java.lang.Object, java.lang.Object, java.lang.Object)'> (0x0000000606b88de8) 
thrown [s\src\hotspot\share\interpreter\linkResolver.cpp, line 784]
Event: 4.280 Thread 0x0000019dbab6a250 Exception <a 'java/lang/IncompatibleClassChangeError'{0x0000000606b9d190}: Found class java.lang.Object, but interface was expected> (0x0000000606b9d190) 
thrown [s\src\hotspot\share\interpreter\linkResolver.cpp, line 851]
Event: 4.282 Thread 0x0000019dbab6a250 Exception <a 'java/lang/NoSuchMethodError'{0x0000000606bb30d0}: 'java.lang.Object java.lang.invoke.DirectMethodHandle$Holder.invokeVirtual(java.lang.Object, java.lang.Object, java.lang.Object, java.lang.Object, java.lang.Object, java.lang.Object, java.lang.Object, java.lang.Object, java.lang.Object, java.lang.Object, java.lang.Object, java.lang.Object, java.lang.Object)'> (0x0000000606bb30d0) 
thrown [s\src\hotspot\share\interpreter\linkResolver.cpp, line 784]
Event: 4.332 Thread 0x0000019dbab6a250 Exception <a 'sun/nio/fs/WindowsException'{0x0000000604e59cb8}> (0x0000000604e59cb8) 
thrown [s\src\hotspot\share\prims\jni.cpp, line 535]
Event: 4.332 Thread 0x0000019dbab6a250 Exception <a 'sun/nio/fs/WindowsException'{0x0000000604e5b9a8}> (0x0000000604e5b9a8) 
thrown [s\src\hotspot\share\prims\jni.cpp, line 535]
Event: 4.333 Thread 0x0000019dbab6a250 Exception <a 'sun/nio/fs/WindowsException'{0x0000000604e5d688}> (0x0000000604e5d688) 
thrown [s\src\hotspot\share\prims\jni.cpp, line 535]
Event: 4.333 Thread 0x0000019dbab6a250 Exception <a 'sun/nio/fs/WindowsException'{0x0000000604e5f348}> (0x0000000604e5f348) 
thrown [s\src\hotspot\share\prims\jni.cpp, line 535]
Event: 4.572 Thread 0x0000019dbab6a250 Exception <a 'java/lang/NoSuchMethodError'{0x0000000604ab5768}: 'long java.lang.invoke.DirectMethodHandle$Holder.invokeStatic(java.lang.Object, long)'> (0x0000000604ab5768) 
thrown [s\src\hotspot\share\interpreter\linkResolver.cpp, line 784]
Event: 4.582 Thread 0x0000019dbab6a250 Implicit null exception at 0x0000019d98024c4e to 0x0000019d98024f90
Event: 4.599 Thread 0x0000019dbab6a250 Exception <a 'java/lang/NoSuchMethodError'{0x00000006045a5f08}: 'java.lang.Object java.lang.invoke.DirectMethodHandle$Holder.invokeInterface(java.lang.Object, java.lang.Object, int)'> (0x00000006045a5f08) 
thrown [s\src\hotspot\share\interpreter\linkResolver.cpp, line 784]
Event: 4.710 Thread 0x0000019dbab6a250 Exception <a 'java/lang/NoSuchMethodError'{0x0000000603ce6ff8}: 'java.lang.Object java.lang.invoke.DirectMethodHandle$Holder.invokeVirtual(java.lang.Object, java.lang.Object, java.lang.Object, java.lang.Object, java.lang.Object, java.lang.Object, java.lang.Object, java.lang.Object, java.lang.Object, java.lang.Object, java.lang.Object, java.lang.Object, java.lang.Object, java.lang.Object, java.lang.Object, java.lang.Object, java.lang.Object)'> (0x0000000603ce6ff8) 
thrown [s\src\hotspot\share\interpreter\li
Event: 4.711 Thread 0x0000019dbab6a250 Exception <a 'java/lang/NoSuchMethodError'{0x0000000603ced428}: 'java.lang.Object java.lang.invoke.DirectMethodHandle$Holder.invokeSpecial(java.lang.Object, java.lang.Object, java.lang.Object, java.lang.Object, java.lang.Object, java.lang.Object, java.lang.Object, java.lang.Object, java.lang.Object, java.lang.Object, java.lang.Object, java.lang.Object, java.lang.Object, java.lang.Object, java.lang.Object, java.lang.Object, java.lang.Object, java.lang.Object)'> (0x0000000603ced428) 
thrown [s\src\hotspot\sh
Event: 4.711 Thread 0x0000019dbab6a250 Exception <a 'java/lang/NoSuchMethodError'{0x0000000603cf2ee0}: 'java.lang.Object java.lang.invoke.DelegatingMethodHandle$Holder.reinvoke_L(java.lang.Object, java.lang.Object, java.lang.Object, java.lang.Object, java.lang.Object, java.lang.Object, java.lang.Object, java.lang.Object, java.lang.Object, java.lang.Object, java.lang.Object, java.lang.Object, java.lang.Object, java.lang.Object, java.lang.Object, java.lang.Object, java.lang.Object)'> (0x0000000603cf2ee0) 
thrown [s\src\hotspot\share\interpreter\l
Event: 4.815 Thread 0x0000019dbab6a250 Exception <a 'java/lang/NoSuchMethodError'{0x0000000603b04b18}: 'java.lang.Object java.lang.invoke.DirectMethodHandle$Holder.newInvokeSpecial(java.lang.Object, java.lang.Object, int, java.lang.Object)'> (0x0000000603b04b18) 
thrown [s\src\hotspot\share\interpreter\linkResolver.cpp, line 784]
Event: 4.815 Thread 0x0000019dbab6a250 Exception <a 'java/lang/NoSuchMethodError'{0x0000000603b09b68}: 'java.lang.Object java.lang.invoke.DirectMethodHandle$Holder.invokeSpecial(java.lang.Object, java.lang.Object, java.lang.Object, int, java.lang.Object)'> (0x0000000603b09b68) 
thrown [s\src\hotspot\share\interpreter\linkResolver.cpp, line 784]

ZGC Phase Switch (0 events):
No events

VM Operations (20 events):
Event: 3.913 Executing VM operation: HandshakeAllThreads (Deoptimize) done
Event: 3.927 Executing VM operation: HandshakeAllThreads (Deoptimize)
Event: 3.927 Executing VM operation: HandshakeAllThreads (Deoptimize) done
Event: 3.928 Executing VM operation: HandshakeAllThreads (Deoptimize)
Event: 3.928 Executing VM operation: HandshakeAllThreads (Deoptimize) done
Event: 4.076 Executing VM operation: HandshakeAllThreads (Deoptimize)
Event: 4.076 Executing VM operation: HandshakeAllThreads (Deoptimize) done
Event: 4.106 Executing VM operation: HandshakeAllThreads (Deoptimize)
Event: 4.106 Executing VM operation: HandshakeAllThreads (Deoptimize) done
Event: 4.200 Executing VM operation: ICBufferFull
Event: 4.201 Executing VM operation: ICBufferFull done
Event: 4.202 Executing VM operation: G1CollectForAllocation (G1 Evacuation Pause)
Event: 4.207 Executing VM operation: G1CollectForAllocation (G1 Evacuation Pause) done
Event: 4.418 Executing VM operation: G1CollectForAllocation (G1 Evacuation Pause)
Event: 4.421 Executing VM operation: G1CollectForAllocation (G1 Evacuation Pause) done
Event: 4.447 Executing VM operation: HandshakeAllThreads (Deoptimize)
Event: 4.447 Executing VM operation: HandshakeAllThreads (Deoptimize) done
Event: 4.463 Executing VM operation: HandshakeAllThreads (Deoptimize)
Event: 4.463 Executing VM operation: HandshakeAllThreads (Deoptimize) done
Event: 4.829 Executing VM operation: G1CollectForAllocation (G1 Evacuation Pause)

Memory protections (0 events):
No events

Nmethod flushes (20 events):
Event: 3.039 Thread 0x0000019db4bf06e0 flushing  nmethod 0x0000019d87bcee10
Event: 3.039 Thread 0x0000019db4bf06e0 flushing  nmethod 0x0000019d87bd5510
Event: 3.039 Thread 0x0000019db4bf06e0 flushing  nmethod 0x0000019d87bd5a10
Event: 3.039 Thread 0x0000019db4bf06e0 flushing  nmethod 0x0000019d87c4a190
Event: 3.039 Thread 0x0000019db4bf06e0 flushing  nmethod 0x0000019d87c98710
Event: 3.039 Thread 0x0000019db4bf06e0 flushing  nmethod 0x0000019d87d31410
Event: 3.039 Thread 0x0000019db4bf06e0 flushing  nmethod 0x0000019d87d32c10
Event: 3.039 Thread 0x0000019db4bf06e0 flushing  nmethod 0x0000019d87d34210
Event: 3.039 Thread 0x0000019db4bf06e0 flushing  nmethod 0x0000019d87d6df90
Event: 3.039 Thread 0x0000019db4bf06e0 flushing  nmethod 0x0000019d87d6f210
Event: 3.039 Thread 0x0000019db4bf06e0 flushing  nmethod 0x0000019d87df4a10
Event: 3.039 Thread 0x0000019db4bf06e0 flushing  nmethod 0x0000019d87df5810
Event: 3.039 Thread 0x0000019db4bf06e0 flushing  nmethod 0x0000019d87df5e10
Event: 3.039 Thread 0x0000019db4bf06e0 flushing  nmethod 0x0000019d87e35710
Event: 3.039 Thread 0x0000019db4bf06e0 flushing  nmethod 0x0000019d87e36a90
Event: 3.039 Thread 0x0000019db4bf06e0 flushing  nmethod 0x0000019d87e38090
Event: 3.039 Thread 0x0000019db4bf06e0 flushing  nmethod 0x0000019d87e47510
Event: 3.039 Thread 0x0000019db4bf06e0 flushing  nmethod 0x0000019d87e48090
Event: 3.039 Thread 0x0000019db4bf06e0 flushing  nmethod 0x0000019d87e49890
Event: 3.039 Thread 0x0000019db4bf06e0 flushing  nmethod 0x0000019d87eb2390

Events (20 events):
Event: 1.612 Thread 0x0000019d826b8010 Thread added: 0x0000019dbab90f50
Event: 1.658 Thread 0x0000019dbab404c0 Thread added: 0x0000019dbacbd220
Event: 1.661 Thread 0x0000019dbacbd220 Thread added: 0x0000019dbacc4ca0
Event: 1.690 Thread 0x0000019dbacbd220 Thread added: 0x0000019dbab64ed0
Event: 1.695 Thread 0x0000019dbacbd220 Thread added: 0x0000019dbab6a250
Event: 1.702 Thread 0x0000019dbab6a250 Thread added: 0x0000019dbaa59d90
Event: 1.705 Thread 0x0000019dbab6a250 Thread added: 0x0000019dbaa60460
Event: 1.707 Thread 0x0000019dbab6a250 Thread added: 0x0000019dbaa5fdd0
Event: 2.014 Thread 0x0000019dbab6a250 Thread added: 0x0000019dbaa62530
Event: 2.022 Thread 0x0000019dbab6a250 Thread added: 0x0000019dbaa60af0
Event: 2.042 Thread 0x0000019dbab6a250 Thread added: 0x0000019dbaa61180
Event: 2.633 Thread 0x0000019dbab6a250 Thread added: 0x0000019dbaa61ea0
Event: 2.641 Thread 0x0000019dbab6a250 Thread added: 0x0000019dbaa62bc0
Event: 2.796 Thread 0x0000019dbab6a250 Thread added: 0x0000019dbaa61810
Event: 2.801 Thread 0x0000019dbab6a250 Thread added: 0x0000019dbaa5f740
Event: 2.983 Thread 0x0000019dbab6a250 Thread added: 0x0000019dbcb28c70
Event: 3.011 Thread 0x0000019dbab6a250 Thread added: 0x0000019dbcb26ba0
Event: 3.122 Thread 0x0000019dbab6a250 Thread added: 0x0000019dbcb29300
Event: 3.198 Thread 0x0000019dbab6a250 Thread added: 0x0000019dbcb27230
Event: 4.306 Thread 0x0000019dbab6a250 Thread added: 0x0000019dbcb27f50


Dynamic libraries:
0x00007ff7f4830000 - 0x00007ff7f483a000 	C:\Program Files\Android\Android Studio1\jbr\bin\java.exe
0x00007ffb1f880000 - 0x00007ffb1fae6000 	C:\windows\SYSTEM32\ntdll.dll
0x00007ffb1e310000 - 0x00007ffb1e3d9000 	C:\windows\System32\KERNEL32.DLL
0x00007ffb1ccd0000 - 0x00007ffb1d09c000 	C:\windows\System32\KERNELBASE.dll
0x00007ffb1d250000 - 0x00007ffb1d39b000 	C:\windows\System32\ucrtbase.dll
0x00007ffb084e0000 - 0x00007ffb084f8000 	C:\Program Files\Android\Android Studio1\jbr\bin\jli.dll
0x00007ffb1ea70000 - 0x00007ffb1ec3a000 	C:\windows\System32\USER32.dll
0x00007ffb1d0a0000 - 0x00007ffb1d0c7000 	C:\windows\System32\win32u.dll
0x00007ffb1e040000 - 0x00007ffb1e06b000 	C:\windows\System32\GDI32.dll
0x00007ffb07420000 - 0x00007ffb0743b000 	C:\Program Files\Android\Android Studio1\jbr\bin\VCRUNTIME140.dll
0x00007ffb05200000 - 0x00007ffb0549a000 	C:\windows\WinSxS\amd64_microsoft.windows.common-controls_6595b64144ccf1df_6.0.26100.3912_none_3e07963ce335137e\COMCTL32.dll
0x00007ffb1d3a0000 - 0x00007ffb1d4d2000 	C:\windows\System32\gdi32full.dll
0x00007ffb1caa0000 - 0x00007ffb1cb43000 	C:\windows\System32\msvcp_win.dll
0x00007ffb1e9c0000 - 0x00007ffb1ea69000 	C:\windows\System32\msvcrt.dll
0x00007ffb1f700000 - 0x00007ffb1f730000 	C:\windows\System32\IMM32.DLL
0x00007ffb092f0000 - 0x00007ffb092fc000 	C:\Program Files\Android\Android Studio1\jbr\bin\vcruntime140_1.dll
0x00007ffb072f0000 - 0x00007ffb0737d000 	C:\Program Files\Android\Android Studio1\jbr\bin\msvcp140.dll
0x00007ffa96d00000 - 0x00007ffa9798a000 	C:\Program Files\Android\Android Studio1\jbr\bin\server\jvm.dll
0x00007ffb1e3e0000 - 0x00007ffb1e492000 	C:\windows\System32\ADVAPI32.dll
0x00007ffb1e260000 - 0x00007ffb1e306000 	C:\windows\System32\sechost.dll
0x00007ffb1e8a0000 - 0x00007ffb1e9b6000 	C:\windows\System32\RPCRT4.dll
0x00007ffb1e640000 - 0x00007ffb1e6b4000 	C:\windows\System32\WS2_32.dll
0x00007ffb1c860000 - 0x00007ffb1c8be000 	C:\windows\SYSTEM32\POWRPROF.dll
0x00007ffb13820000 - 0x00007ffb13856000 	C:\windows\SYSTEM32\WINMM.dll
0x00007ffb0b720000 - 0x00007ffb0b72b000 	C:\windows\SYSTEM32\VERSION.dll
0x00007ffb1c840000 - 0x00007ffb1c854000 	C:\windows\SYSTEM32\UMPDC.dll
0x00007ffb1b7d0000 - 0x00007ffb1b7ea000 	C:\windows\SYSTEM32\kernel.appcore.dll
0x00007ffb090d0000 - 0x00007ffb090da000 	C:\Program Files\Android\Android Studio1\jbr\bin\jimage.dll
0x00007ffb19c50000 - 0x00007ffb19e91000 	C:\windows\SYSTEM32\DBGHELP.DLL
0x00007ffb1ec40000 - 0x00007ffb1efc4000 	C:\windows\System32\combase.dll
0x00007ffb1dc80000 - 0x00007ffb1dd60000 	C:\windows\System32\OLEAUT32.dll
0x00007ffaf18a0000 - 0x00007ffaf18d9000 	C:\windows\SYSTEM32\dbgcore.DLL
0x00007ffb1d4e0000 - 0x00007ffb1d579000 	C:\windows\System32\bcryptPrimitives.dll
0x00007ffb0a090000 - 0x00007ffb0a09e000 	C:\Program Files\Android\Android Studio1\jbr\bin\instrument.dll
0x00007ffb07250000 - 0x00007ffb07270000 	C:\Program Files\Android\Android Studio1\jbr\bin\java.dll
0x00007ffb071d0000 - 0x00007ffb071e8000 	C:\Program Files\Android\Android Studio1\jbr\bin\zip.dll
0x00007ffb1efd0000 - 0x00007ffb1f6fd000 	C:\windows\System32\SHELL32.dll
0x00007ffb1d0d0000 - 0x00007ffb1d244000 	C:\windows\System32\wintypes.dll
0x00007ffb1a6a0000 - 0x00007ffb1aef6000 	C:\windows\SYSTEM32\windows.storage.dll
0x00007ffb1f740000 - 0x00007ffb1f82f000 	C:\windows\System32\SHCORE.dll
0x00007ffb1d640000 - 0x00007ffb1d6a9000 	C:\windows\System32\shlwapi.dll
0x00007ffb1c920000 - 0x00007ffb1c94f000 	C:\windows\SYSTEM32\profapi.dll
0x00007ffb08ec0000 - 0x00007ffb08ed0000 	C:\Program Files\Android\Android Studio1\jbr\bin\net.dll
0x00007ffb15e20000 - 0x00007ffb15f3e000 	C:\windows\SYSTEM32\WINHTTP.dll
0x00007ffb1bd40000 - 0x00007ffb1bdaa000 	C:\windows\system32\mswsock.dll
0x00007ffb065b0000 - 0x00007ffb065c6000 	C:\Program Files\Android\Android Studio1\jbr\bin\nio.dll
0x00007ffb06180000 - 0x00007ffb06190000 	C:\Program Files\Android\Android Studio1\jbr\bin\verify.dll
0x00007ffb05050000 - 0x00007ffb05077000 	C:\Users\luis3\.gradle\native\c067742578af261105cb4f569cf0c3c89f3d7b1fecec35dd04571415982c5e48\windows-amd64\native-platform.dll
0x00007ffab53c0000 - 0x00007ffab5504000 	C:\Users\luis3\.gradle\native\100fb08df4bc3b14c8652ba06237920a3bd2aa13389f12d3474272988ae205f9\windows-amd64\native-platform-file-events.dll
0x00007ffb071b0000 - 0x00007ffb071b9000 	C:\Program Files\Android\Android Studio1\jbr\bin\management.dll
0x00007ffb06cd0000 - 0x00007ffb06cdb000 	C:\Program Files\Android\Android Studio1\jbr\bin\management_ext.dll
0x00007ffb1e890000 - 0x00007ffb1e898000 	C:\windows\System32\PSAPI.DLL
0x00007ffb1bfe0000 - 0x00007ffb1bffc000 	C:\windows\SYSTEM32\CRYPTSP.dll
0x00007ffb1b730000 - 0x00007ffb1b76a000 	C:\windows\system32\rsaenh.dll
0x00007ffb1bde0000 - 0x00007ffb1be0b000 	C:\windows\SYSTEM32\USERENV.dll
0x00007ffb1c8f0000 - 0x00007ffb1c916000 	C:\windows\SYSTEM32\bcrypt.dll
0x00007ffb1c000000 - 0x00007ffb1c00c000 	C:\windows\SYSTEM32\CRYPTBASE.dll
0x00007ffb1b2c0000 - 0x00007ffb1b2f3000 	C:\windows\SYSTEM32\IPHLPAPI.DLL
0x00007ffb1e6c0000 - 0x00007ffb1e6ca000 	C:\windows\System32\NSI.dll
0x00007ffb07ce0000 - 0x00007ffb07ce9000 	C:\Program Files\Android\Android Studio1\jbr\bin\extnet.dll
0x00007ffb03e70000 - 0x00007ffb03e78000 	C:\windows\system32\wshunix.dll

dbghelp: loaded successfully - version: 4.0.5 - missing functions: none
symbol engine: initialized successfully - sym options: 0x614 - pdb path: .;C:\Program Files\Android\Android Studio1\jbr\bin;C:\windows\SYSTEM32;C:\windows\WinSxS\amd64_microsoft.windows.common-controls_6595b64144ccf1df_6.0.26100.3912_none_3e07963ce335137e;C:\Program Files\Android\Android Studio1\jbr\bin\server;C:\Users\luis3\.gradle\native\c067742578af261105cb4f569cf0c3c89f3d7b1fecec35dd04571415982c5e48\windows-amd64;C:\Users\luis3\.gradle\native\100fb08df4bc3b14c8652ba06237920a3bd2aa13389f12d3474272988ae205f9\windows-amd64

VM Arguments:
jvm_args: -XX:MaxMetaspaceSize=4G -XX:ReservedCodeCacheSize=512m -XX:+HeapDumpOnOutOfMemoryError --add-opens=java.base/java.util=ALL-UNNAMED --add-opens=java.base/java.lang=ALL-UNNAMED --add-opens=java.base/java.lang.invoke=ALL-UNNAMED --add-opens=java.prefs/java.util.prefs=ALL-UNNAMED --add-exports=jdk.compiler/com.sun.tools.javac.api=ALL-UNNAMED --add-exports=jdk.compiler/com.sun.tools.javac.util=ALL-UNNAMED --add-opens=java.base/java.nio.charset=ALL-UNNAMED --add-opens=java.base/java.net=ALL-UNNAMED --add-opens=java.base/java.util.concurrent.atomic=ALL-UNNAMED -Xmx8G -Dfile.encoding=UTF-8 -Duser.country=MX -Duser.language=es -Duser.variant -javaagent:C:\Users\luis3\.gradle\wrapper\dists\gradle-8.10.2-all\7iv73wktx1xtkvlq19urqw1wm\gradle-8.10.2\lib\agents\gradle-instrumentation-agent-8.10.2.jar 
java_command: org.gradle.launcher.daemon.bootstrap.GradleDaemon 8.10.2
java_class_path (initial): C:\Users\luis3\.gradle\wrapper\dists\gradle-8.10.2-all\7iv73wktx1xtkvlq19urqw1wm\gradle-8.10.2\lib\gradle-daemon-main-8.10.2.jar
Launcher Type: SUN_STANDARD

[Global flags]
     intx CICompilerCount                          = 4                                         {product} {ergonomic}
     uint ConcGCThreads                            = 2                                         {product} {ergonomic}
     uint G1ConcRefinementThreads                  = 8                                         {product} {ergonomic}
   size_t G1HeapRegionSize                         = 4194304                                   {product} {ergonomic}
    uintx GCDrainStackTargetSize                   = 64                                        {product} {ergonomic}
     bool HeapDumpOnOutOfMemoryError               = true                                   {manageable} {command line}
   size_t InitialHeapSize                          = 134217728                                 {product} {ergonomic}
   size_t MarkStackSize                            = 4194304                                   {product} {ergonomic}
   size_t MaxHeapSize                              = 8589934592                                {product} {command line}
   size_t MaxMetaspaceSize                         = 4294967296                                {product} {command line}
   size_t MaxNewSize                               = 5150605312                                {product} {ergonomic}
   size_t MinHeapDeltaBytes                        = 4194304                                   {product} {ergonomic}
   size_t MinHeapSize                              = 8388608                                   {product} {ergonomic}
    uintx NonNMethodCodeHeapSize                   = 5839372                                {pd product} {ergonomic}
    uintx NonProfiledCodeHeapSize                  = 265515770                              {pd product} {ergonomic}
    uintx ProfiledCodeHeapSize                     = 265515770                              {pd product} {ergonomic}
    uintx ReservedCodeCacheSize                    = 536870912                              {pd product} {command line}
     bool SegmentedCodeCache                       = true                                      {product} {ergonomic}
   size_t SoftMaxHeapSize                          = 8589934592                             {manageable} {ergonomic}
     bool UseCompressedOops                        = true                           {product lp64_product} {ergonomic}
     bool UseG1GC                                  = true                                      {product} {ergonomic}
     bool UseLargePagesIndividualAllocation        = false                                  {pd product} {ergonomic}

Logging:
Log output configuration:
 #0: stdout all=warning uptime,level,tags foldmultilines=false
 #1: stderr all=off uptime,level,tags foldmultilines=false

Environment Variables:
JAVA_HOME=C:\Program Files\Android\Android Studio1\jbr
CLASSPATH=C:\Users\luis3\AndroidStudioProjects\proyectofinal\android\\gradle\wrapper\gradle-wrapper.jar
PATH=C:\Program Files\Android\Android Studio1\jbr\bin;C:\Python313\Scripts\;C:\Python313\;C:\Program Files\Common Files\Oracle\Java\javapath;C:\Program Files (x86)\Common Files\Oracle\Java\java8path;C:\Program Files (x86)\Common Files\Oracle\Java\javapath;C:\Program Files (x86)\NVIDIA Corporation\PhysX\Common;C:\Program Files\dotnet\;C:\windows\system32;C:\windows;C:\windows\System32\Wbem;C:\windows\System32\WindowsPowerShell\v1.0\;C:\windows\System32\OpenSSH\;C:\Program Files\Common Files\Autodesk Shared\;C:\Program Files\nodejs\;C:\ProgramData\chocolatey\bin;C:\Program Files\Git\cmd;C:\Users\luis3\AppData\Local\Microsoft\WindowsApps;C:\Program Files\JetBrains\IntelliJ IDEA Community Edition 2024.1.1\bin;C:\Users\luis3\AppData\Local\atom\bin;C:\Program Files\JetBrains\WebStorm 2024.2.4\bin;;C:\Users\luis3\AppData\Local\Microsoft\WindowsApps;C:\flutter\bin;C:\Users\luis3\AppData\Local\Android\Sdk\cmdline-tools\latest\bin\sdkmanager;C:\Users\luis3\dev\flutter\bin;C:\Users\luis3\AppData\Local\Programs\Microsoft VS Code\bin;C:\Users\luis3\AppData\Roaming\npm;C:\Users\luis3\AppData\Local\Pub\Cache\bin\;;C:\flutter\bin\mingit\cmd
USERNAME=luis3
OS=Windows_NT
PROCESSOR_IDENTIFIER=Intel64 Family 6 Model 140 Stepping 1, GenuineIntel
TMP=C:\Users\luis3\AppData\Local\Temp
TEMP=C:\Users\luis3\AppData\Local\Temp




Periodic native trim disabled

JNI global refs:
JNI global refs: 25, weak refs: 0

JNI global refs memory usage: 835, weak refs: 833

Process memory usage:
Resident Set Size: 257660K (3% of 8166712K total physical memory with 953396K free physical memory)

OOME stack traces (most recent first):
Classloader memory used:
Loader org.gradle.internal.classloader.VisitableURLClassLoader                         : 26668K
Loader bootstrap                                                                       : 21836K
Loader org.gradle.initialization.MixInLegacyTypesClassLoader                           : 6198K
Loader jdk.internal.loader.ClassLoaders$PlatformClassLoader                            : 553K
Loader jdk.internal.loader.ClassLoaders$AppClassLoader                                 : 234K
Loader org.gradle.internal.classloader.VisitableURLClassLoader                         : 39520B

Classes loaded by more than one classloader:
Class Program                                                                         : loaded 3 times (x 70B)
Class org.gradle.internal.classloader.ClassLoaderHierarchy                            : loaded 2 times (x 66B)
Class org.gradle.api.internal.classpath.ManifestUtil                                  : loaded 2 times (x 67B)
Class org.gradle.internal.classloader.DefaultClassLoaderFactory                       : loaded 2 times (x 78B)
Class org.gradle.internal.classloader.ClassLoaderVisitor                              : loaded 2 times (x 72B)
Class org.gradle.api.internal.classpath.EffectiveClassPath                            : loaded 2 times (x 86B)
Class org.gradle.api.internal.DefaultClassPathProvider                                : loaded 2 times (x 72B)
Class [Lorg.gradle.api.internal.ClassPathProvider;                                    : loaded 2 times (x 65B)
Class org.gradle.api.internal.ClassPathProvider                                       : loaded 2 times (x 66B)
Class org.gradle.internal.service.UnknownServiceException                             : loaded 2 times (x 79B)
Class org.gradle.internal.classpath.TransformedClassPath                              : loaded 2 times (x 92B)
Class org.gradle.internal.classloader.InstrumentingClassLoader                        : loaded 2 times (x 66B)
Class org.gradle.internal.service.ServiceLocator                                      : loaded 2 times (x 66B)
Class org.gradle.internal.InternalTransformer                                         : loaded 2 times (x 66B)
Class org.gradle.internal.classloader.ClasspathUtil$1                                 : loaded 2 times (x 72B)
Class org.gradle.api.internal.classpath.DefaultModuleRegistry$DefaultModule           : loaded 2 times (x 82B)
Class org.gradle.api.internal.classpath.Module                                        : loaded 2 times (x 66B)
Class org.gradle.api.internal.classpath.UnknownModuleException                        : loaded 2 times (x 78B)
Class org.gradle.api.internal.DefaultClassPathRegistry                                : loaded 2 times (x 72B)
Class org.gradle.api.internal.ClassPathRegistry                                       : loaded 2 times (x 66B)
Class org.gradle.internal.classpath.DefaultClassPath$ImmutableUniqueList              : loaded 2 times (x 195B)
Class org.gradle.internal.classloader.FilteringClassLoader                            : loaded 2 times (x 101B)
Class Settings_gradle$1                                                               : loaded 2 times (x 70B)
Class org.gradle.internal.classpath.ClassPath                                         : loaded 2 times (x 66B)
Class org.gradle.api.UncheckedIOException                                             : loaded 2 times (x 78B)
Class org.gradle.internal.installation.GradleInstallation$1                           : loaded 2 times (x 71B)
Class org.gradle.api.internal.classpath.ModuleRegistry                                : loaded 2 times (x 66B)
Class org.gradle.api.internal.classpath.DefaultModuleRegistry                         : loaded 2 times (x 82B)
Class org.gradle.internal.service.ServiceLookupException                              : loaded 2 times (x 78B)
Class org.gradle.internal.classloader.ClassLoaderFactory                              : loaded 2 times (x 66B)
Class org.gradle.internal.service.CachingServiceLocator                               : loaded 2 times (x 78B)
Class org.gradle.internal.classloader.ClasspathUtil                                   : loaded 2 times (x 67B)
Class org.gradle.api.specs.Spec                                                       : loaded 2 times (x 66B)
Class org.gradle.internal.classloader.VisitableURLClassLoader$InstrumentingVisitableURLClassLoader: loaded 2 times (x 119B)
Class org.gradle.internal.classloader.VisitableURLClassLoader$Spec                    : loaded 2 times (x 70B)
Class org.gradle.internal.classpath.DefaultClassPath                                  : loaded 2 times (x 86B)
Class org.gradle.internal.classloader.ClassLoaderSpec                                 : loaded 2 times (x 67B)
Class Settings_gradle$1$1                                                             : loaded 2 times (x 70B)
Class org.gradle.internal.classloader.VisitableURLClassLoader                         : loaded 2 times (x 113B)
Class Settings_gradle                                                                 : loaded 2 times (x 124B)
Class org.gradle.internal.Cast                                                        : loaded 2 times (x 67B)
Class org.gradle.api.Action                                                           : loaded 2 times (x 66B)
Class org.gradle.internal.classpath.DefaultClassPath$ImmutableUniqueList$Builder      : loaded 2 times (x 71B)
Class org.gradle.api.GradleException                                                  : loaded 2 times (x 78B)
Class org.gradle.internal.IoActions                                                   : loaded 2 times (x 67B)
Class org.gradle.internal.classloader.SystemClassLoaderSpec                           : loaded 2 times (x 67B)
Class org.gradle.api.internal.classpath.GlobalCacheRootsProvider                      : loaded 2 times (x 66B)
Class org.gradle.internal.installation.CurrentGradleInstallationLocator               : loaded 2 times (x 67B)
Class org.gradle.internal.service.DefaultServiceLocator                               : loaded 2 times (x 79B)
Class org.gradle.internal.installation.CurrentGradleInstallation                      : loaded 2 times (x 69B)
Class org.gradle.util.internal.GUtil                                                  : loaded 2 times (x 67B)
Class org.gradle.internal.installation.GradleInstallation                             : loaded 2 times (x 71B)

---------------  S Y S T E M  ---------------

OS:
 Windows 11 , 64 bit Build 26100 (10.0.26100.3912)
OS uptime: 4 days 0:09 hours

CPU: total 8 (initial active 8) (4 cores per cpu, 2 threads per core) family 6 model 140 stepping 1 microcode 0xaa, cx8, cmov, fxsr, ht, mmx, 3dnowpref, sse, sse2, sse3, ssse3, sse4.1, sse4.2, popcnt, lzcnt, tsc, tscinvbit, avx, avx2, aes, erms, clmul, bmi1, bmi2, adx, avx512f, avx512dq, avx512cd, avx512bw, avx512vl, sha, fma, vzeroupper, avx512_vpopcntdq, avx512_vpclmulqdq, avx512_vaes, avx512_vnni, clflush, clflushopt, clwb, avx512_vbmi2, avx512_vbmi, rdtscp, rdpid, fsrm, gfni, avx512_bitalg, f16c, pku, cet_ibt, cet_ss, avx512_ifma
Processor Information for processor 0
  Max Mhz: 2803, Current Mhz: 2803, Mhz Limit: 2803
Processor Information for processor 1
  Max Mhz: 2803, Current Mhz: 1201, Mhz Limit: 2803
Processor Information for processor 2
  Max Mhz: 2803, Current Mhz: 2803, Mhz Limit: 2803
Processor Information for processor 3
  Max Mhz: 2803, Current Mhz: 2803, Mhz Limit: 2803
Processor Information for processor 4
  Max Mhz: 2803, Current Mhz: 1201, Mhz Limit: 2803
Processor Information for processor 5
  Max Mhz: 2803, Current Mhz: 1201, Mhz Limit: 2803
Processor Information for processor 6
  Max Mhz: 2803, Current Mhz: 1201, Mhz Limit: 2803
Processor Information for processor 7
  Max Mhz: 2803, Current Mhz: 1201, Mhz Limit: 2803

Memory: 4k page, system-wide physical 7975M (934M free)
TotalPageFile size 16167M (AvailPageFile size 34M)
current process WorkingSet (physical memory assigned to process): 252M, peak: 275M
current process commit charge ("private bytes"): 292M, peak: 329M

vm_info: OpenJDK 64-Bit Server VM (21.0.5+-13047016-b750.29) for windows-amd64 JRE (21.0.5+-13047016-b750.29), built on 2025-02-11T21:12:39Z by "builder" with MS VC++ 16.10 / 16.11 (VS2019)

END.
